#
# There is insufficient memory for the Java Runtime Environment to continue.
# Native memory allocation (mmap) failed to map 266338304 bytes. Error detail: G1 virtual space
# Possible reasons:
#   The system is out of physical RAM or swap space
#   This process is running with CompressedOops enabled, and the Java Heap may be blocking the growth of the native heap
# Possible solutions:
#   Reduce memory load on the system
#   Increase physical memory or swap space
#   Check if swap backing store is full
#   Decrease Java heap size (-Xmx/-Xms)
#   Decrease number of Java threads
#   Decrease Java thread stack sizes (-Xss)
#   Set larger code cache with -XX:ReservedCodeCacheSize=
#   JVM is running with Zero Based Compressed Oops mode in which the Java heap is
#     placed in the first 32GB address space. The Java Heap base address is the
#     maximum limit for the native heap growth. Please use -XX:HeapBaseMinAddress
#     to set the Java Heap base and to place the Java Heap above 32GB virtual address.
# This output file may be truncated or incomplete.
#
#  Out of Memory Error (os_windows.cpp:3631), pid=19716, tid=13228
#
# JRE version:  (22.0.2+9) (build )
# Java VM: OpenJDK 64-Bit Server VM (22.0.2+9-70, mixed mode, sharing, tiered, compressed oops, compressed class ptrs, g1 gc, windows-amd64)
# No core dump will be written. Minidumps are not enabled by default on client versions of Windows
#

---------------  S U M M A R Y ------------

Command Line: -agentlib:jdwp=transport=dt_socket,address=127.0.0.1:51842,suspend=y,server=n -javaagent:C:\Users\Kathi\AppData\Local\JetBrains\IdeaIC2024.2\captureAgent\debugger-agent.jar -Dkotlinx.coroutines.debug.enable.creation.stack.trace=false -Ddebugger.agent.enable.coroutines=true -Dfile.encoding=UTF-8 -Dsun.stdout.encoding=UTF-8 -Dsun.stderr.encoding=UTF-8 RoboVacApp

Host: Intel(R) Core(TM) i7-8550U CPU @ 1.80GHz, 8 cores, 15G,  Windows 11 , 64 bit Build 22621 (10.0.22621.3958)
Time: Wed Oct  9 11:16:22 2024 Mitteleuropäische Sommerzeit elapsed time: 0.043406 seconds (0d 0h 0m 0s)

---------------  T H R E A D  ---------------

Current thread (0x00000297009d3ae0):  JavaThread "Unknown thread" [_thread_in_vm, id=13228, stack(0x000000d527d00000,0x000000d527e00000) (1024K)]

Stack: [0x000000d527d00000,0x000000d527e00000]
Native frames: (J=compiled Java code, j=interpreted, Vv=VM code, C=native code)
V  [jvm.dll+0x6e26e9]  (no source info available)
V  [jvm.dll+0x875753]  (no source info available)
V  [jvm.dll+0x877b7e]  (no source info available)
V  [jvm.dll+0x878253]  (no source info available)
V  [jvm.dll+0x27fc86]  (no source info available)
V  [jvm.dll+0x6ded85]  (no source info available)
V  [jvm.dll+0x6d388a]  (no source info available)
V  [jvm.dll+0x358b8a]  (no source info available)
V  [jvm.dll+0x3610b6]  (no source info available)
V  [jvm.dll+0x3b419e]  (no source info available)
V  [jvm.dll+0x3b4448]  (no source info available)
V  [jvm.dll+0x32c5ec]  (no source info available)
V  [jvm.dll+0x32d258]  (no source info available)
V  [jvm.dll+0x83d5ac]  (no source info available)
V  [jvm.dll+0x3c10d1]  (no source info available)
V  [jvm.dll+0x8264cc]  (no source info available)
V  [jvm.dll+0x45bd5e]  (no source info available)
V  [jvm.dll+0x45dbe1]  (no source info available)
C  [jli.dll+0x52a3]  (no source info available)
C  [ucrtbase.dll+0x29333]  (no source info available)
C  [KERNEL32.DLL+0x1257d]  (no source info available)
C  [ntdll.dll+0x5af28]  (no source info available)


---------------  P R O C E S S  ---------------

Threads class SMR info:
_java_thread_list=0x00007ff86a9ec1c8, length=0, elements={
}

Java Threads: ( => current thread )
Total: 0

Other Threads:
  0x0000029702c58510 WorkerThread "GC Thread#0"                     [id=3092, stack(0x000000d527e00000,0x000000d527f00000) (1024K)]
  0x0000029702c69440 ConcurrentGCThread "G1 Main Marker"            [id=1448, stack(0x000000d527f00000,0x000000d528000000) (1024K)]
  0x0000029702c6a6f0 WorkerThread "G1 Conc#0"                       [id=8596, stack(0x000000d528000000,0x000000d528100000) (1024K)]

[error occurred during error reporting (printing all threads), id 0xc0000005, EXCEPTION_ACCESS_VIOLATION (0xc0000005) at pc=0x00007ff86a13f517]
VM state: not at safepoint (not fully initialized)

VM Mutex/Monitor currently owned by a thread:  ([mutex/lock_event])
[0x00007ff86aa6cc80] Heap_lock - owner thread: 0x00000297009d3ae0

Heap address: 0x0000000702600000, size: 4058 MB, Compressed Oops mode: Zero based, Oop shift amount: 3

CDS archive(s) mapped at: [0x0000000000000000-0x0000000000000000-0x0000000000000000), size 0, SharedBaseAddress: 0x0000000800000000, ArchiveRelocationMode: 1.
Narrow klass base: 0x0000000000000000, Narrow klass shift: 0, Narrow klass range: 0x0

GC Precious Log:
 CardTable entry size: 512
 Card Set container configuration: InlinePtr #cards 4 size 8 Array Of Cards #cards 16 size 48 Howl #buckets 8 coarsen threshold 3686 Howl Bitmap #cards 512 size 80 coarsen threshold 460 Card regions per heap region 1 cards per card region 4096

Heap:
 garbage-first heap   total reserved 4155392K, committed 0K, used 0K [0x0000000702600000, 0x0000000800000000)
  region size 2048K, 0 young (0K), 0 survivors (0K)

[error occurred during error reporting (printing heap information), id 0xc0000005, EXCEPTION_ACCESS_VIOLATION (0xc0000005) at pc=0x00007ff86a53e869]
GC Heap History (0 events):
No events

Dll operation events (2 events):
Event: 0.030 Loaded shared library C:\Users\Kathi\.jdks\openjdk-22.0.2\bin\java.dll
Event: 0.034 Loaded shared library C:\Users\Kathi\.jdks\openjdk-22.0.2\bin\zip.dll

Deoptimization events (0 events):
No events

Classes loaded (0 events):
No events

Classes unloaded (0 events):
No events

Classes redefined (0 events):
No events

Internal exceptions (0 events):
No events

ZGC Phase Switch (0 events):
No events

VM Operations (0 events):
No events

Memory protections (0 events):
No events

Nmethod flushes (0 events):
No events

Events (0 events):
No events


Dynamic libraries:
0x00007ff6f4130000 - 0x00007ff6f413e000 	C:\Users\Kathi\.jdks\openjdk-22.0.2\bin\java.exe
0x00007ff8c9b90000 - 0x00007ff8c9da7000 	C:\WINDOWS\SYSTEM32\ntdll.dll
0x00007ff8c82b0000 - 0x00007ff8c8374000 	C:\WINDOWS\System32\KERNEL32.DLL
0x00007ff8c7130000 - 0x00007ff8c74dd000 	C:\WINDOWS\System32\KERNELBASE.dll
0x00007ff8c7650000 - 0x00007ff8c7761000 	C:\WINDOWS\System32\ucrtbase.dll
0x00007ff8b1830000 - 0x00007ff8b1847000 	C:\Users\Kathi\.jdks\openjdk-22.0.2\bin\jli.dll
0x00007ff8c16b0000 - 0x00007ff8c16cb000 	C:\Users\Kathi\.jdks\openjdk-22.0.2\bin\VCRUNTIME140.dll
0x00007ff8c88a0000 - 0x00007ff8c8a4e000 	C:\WINDOWS\System32\USER32.dll
0x00007ff8b1e90000 - 0x00007ff8b2123000 	C:\WINDOWS\WinSxS\amd64_microsoft.windows.common-controls_6595b64144ccf1df_6.0.22621.3672_none_2713b9d173822955\COMCTL32.dll
0x00007ff8c7770000 - 0x00007ff8c7796000 	C:\WINDOWS\System32\win32u.dll
0x00007ff8c87c0000 - 0x00007ff8c8867000 	C:\WINDOWS\System32\msvcrt.dll
0x00007ff8c8a50000 - 0x00007ff8c8a79000 	C:\WINDOWS\System32\GDI32.dll
0x00007ff8c77a0000 - 0x00007ff8c78b9000 	C:\WINDOWS\System32\gdi32full.dll
0x00007ff8c7090000 - 0x00007ff8c712a000 	C:\WINDOWS\System32\msvcp_win.dll
0x00007ff8c8270000 - 0x00007ff8c82a1000 	C:\WINDOWS\System32\IMM32.DLL
0x00007ff8b0d00000 - 0x00007ff8b0d0c000 	C:\Users\Kathi\.jdks\openjdk-22.0.2\bin\vcruntime140_1.dll
0x00007ff871c30000 - 0x00007ff871cbe000 	C:\Users\Kathi\.jdks\openjdk-22.0.2\bin\msvcp140.dll
0x00007ff869e00000 - 0x00007ff86ab49000 	C:\Users\Kathi\.jdks\openjdk-22.0.2\bin\server\jvm.dll
0x00007ff8c8470000 - 0x00007ff8c8522000 	C:\WINDOWS\System32\ADVAPI32.dll
0x00007ff8c9a20000 - 0x00007ff8c9ac9000 	C:\WINDOWS\System32\sechost.dll
0x00007ff8c6eb0000 - 0x00007ff8c6ed8000 	C:\WINDOWS\System32\bcrypt.dll
0x00007ff8c8530000 - 0x00007ff8c8644000 	C:\WINDOWS\System32\RPCRT4.dll
0x00007ff8c9ad0000 - 0x00007ff8c9b41000 	C:\WINDOWS\System32\WS2_32.dll
0x00007ff8c67e0000 - 0x00007ff8c682d000 	C:\WINDOWS\SYSTEM32\POWRPROF.dll
0x00007ff8c0d20000 - 0x00007ff8c0d54000 	C:\WINDOWS\SYSTEM32\WINMM.dll
0x00007ff8be5f0000 - 0x00007ff8be5fa000 	C:\WINDOWS\SYSTEM32\VERSION.dll
0x00007ff8c67c0000 - 0x00007ff8c67d3000 	C:\WINDOWS\SYSTEM32\UMPDC.dll
0x00007ff8c5ec0000 - 0x00007ff8c5ed8000 	C:\WINDOWS\SYSTEM32\kernel.appcore.dll
0x00007ff8ace40000 - 0x00007ff8ace4a000 	C:\Users\Kathi\.jdks\openjdk-22.0.2\bin\jimage.dll
0x00007ff8c4510000 - 0x00007ff8c4742000 	C:\WINDOWS\SYSTEM32\DBGHELP.DLL
0x00007ff8c7e90000 - 0x00007ff8c821e000 	C:\WINDOWS\System32\combase.dll
0x00007ff8c8380000 - 0x00007ff8c8457000 	C:\WINDOWS\System32\OLEAUT32.dll
0x00007ff8a86c0000 - 0x00007ff8a86f2000 	C:\WINDOWS\SYSTEM32\dbgcore.DLL
0x00007ff8c6f50000 - 0x00007ff8c6fcb000 	C:\WINDOWS\System32\bcryptPrimitives.dll
0x00007ff887840000 - 0x00007ff88787c000 	C:\Users\Kathi\.jdks\openjdk-22.0.2\bin\jdwp.dll
0x00007ff8acd00000 - 0x00007ff8acd0f000 	C:\Users\Kathi\.jdks\openjdk-22.0.2\bin\instrument.dll
0x00007ff8acd10000 - 0x00007ff8acd2e000 	C:\Users\Kathi\.jdks\openjdk-22.0.2\bin\java.dll
0x00007ff8c8e90000 - 0x00007ff8c96f7000 	C:\WINDOWS\System32\SHELL32.dll
0x00007ff8c8b80000 - 0x00007ff8c8d25000 	C:\WINDOWS\System32\ole32.dll
0x00007ff88f9b0000 - 0x00007ff88f9c7000 	C:\Users\Kathi\.jdks\openjdk-22.0.2\bin\zip.dll

dbghelp: loaded successfully - version: 4.0.5 - missing functions: none
symbol engine: initialized successfully - sym options: 0x614 - pdb path: .;C:\Users\Kathi\.jdks\openjdk-22.0.2\bin;C:\WINDOWS\SYSTEM32;C:\WINDOWS\WinSxS\amd64_microsoft.windows.common-controls_6595b64144ccf1df_6.0.22621.3672_none_2713b9d173822955;C:\Users\Kathi\.jdks\openjdk-22.0.2\bin\server

VM Arguments:
jvm_args: -agentlib:jdwp=transport=dt_socket,address=127.0.0.1:51842,suspend=y,server=n -javaagent:C:\Users\Kathi\AppData\Local\JetBrains\IdeaIC2024.2\captureAgent\debugger-agent.jar -Dkotlinx.coroutines.debug.enable.creation.stack.trace=false -Ddebugger.agent.enable.coroutines=true -Dfile.encoding=UTF-8 -Dsun.stdout.encoding=UTF-8 -Dsun.stderr.encoding=UTF-8 
java_command: RoboVacApp
java_class_path (initial): C:\Users\Kathi\Dokumente\java-codes\02-RoboVac1.21\out\production\02-RoboVac;C:\Users\Kathi\AppData\Local\Programs\IntelliJ IDEA Community Edition\lib\idea_rt.jar
Launcher Type: SUN_STANDARD

[Global flags]
     intx CICompilerCount                          = 4                                         {product} {ergonomic}
     uint ConcGCThreads                            = 2                                         {product} {ergonomic}
     uint G1ConcRefinementThreads                  = 8                                         {product} {ergonomic}
   size_t G1HeapRegionSize                         = 2097152                                   {product} {ergonomic}
   size_t InitialHeapSize                          = 266338304                                 {product} {ergonomic}
   size_t MarkStackSize                            = 4194304                                   {product} {ergonomic}
   size_t MaxHeapSize                              = 4255121408                                {product} {ergonomic}
   size_t MinHeapDeltaBytes                        = 2097152                                   {product} {ergonomic}
   size_t MinHeapSize                              = 8388608                                   {product} {ergonomic}
    uintx NonNMethodCodeHeapSize                   = 5839372                                {pd product} {ergonomic}
    uintx NonProfiledCodeHeapSize                  = 122909434                              {pd product} {ergonomic}
    uintx ProfiledCodeHeapSize                     = 122909434                              {pd product} {ergonomic}
    uintx ReservedCodeCacheSize                    = 251658240                              {pd product} {ergonomic}
     bool SegmentedCodeCache                       = true                                      {product} {ergonomic}
   size_t SoftMaxHeapSize                          = 4255121408                             {manageable} {ergonomic}
     bool UseCompressedOops                        = true                           {product lp64_product} {ergonomic}
     bool UseG1GC                                  = true                                      {product} {ergonomic}
     bool UseLargePagesIndividualAllocation        = false                                  {pd product} {ergonomic}

Logging:
Log output configuration:
 #0: stdout all=warning uptime,level,tags foldmultilines=false
 #1: stderr all=off uptime,level,tags foldmultilines=false

Environment Variables:
PATH=C:\Program Files (x86)\Common Files\Oracle\Java\java8path;C:\Program Files (x86)\Common Files\Oracle\Java\javapath;C:\WINDOWS\system32;C:\WINDOWS;C:\WINDOWS\System32\Wbem;C:\WINDOWS\System32\WindowsPowerShell\v1.0\;C:\WINDOWS\System32\OpenSSH\;C:\Program Files\Intel\WiFi\bin\;C:\Program Files\Common Files\Intel\WirelessCommon\;C:\Program Files\dotnet\;C:\Program Files (x86)\NVIDIA Corporation\PhysX\Common;C:\Program Files\Microsoft SQL Server\150\Tools\Binn\;C:\Program Files\Microsoft SQL Server\Client SDK\ODBC\170\Tools\Binn\;C:\Program Files\dotnet;C:\Program Files\Git\cmd;C:\Program Files\nodejs\;C:\Users\Kathi\AppData\Local\Microsoft\WindowsApps;C:\Users\Kathi\AppData\Local\Programs\Microsoft VS Code\bin;C:\Users\Kathi\.dotnet\tools;C:\Users\Kathi\AppData\Local\JetBrains\Toolbox\scripts;C:\Users\Kathi\.dotnet\tools;C:\Users\Kathi\AppData\Local\GitHubDesktop\bin;C:\Users\Kathi\AppData\Roaming\npm
USERNAME=Kathi
OS=Windows_NT
PROCESSOR_IDENTIFIER=Intel64 Family 6 Model 142 Stepping 10, GenuineIntel
TMP=C:\Users\Kathi\AppData\Local\Temp
TEMP=C:\Users\Kathi\AppData\Local\Temp




Periodic native trim disabled

---------------  S Y S T E M  ---------------

OS:
 Windows 11 , 64 bit Build 22621 (10.0.22621.3958)
OS uptime: 0 days 19:37 hours
Hyper-V role detected

CPU: total 8 (initial active 8) (4 cores per cpu, 2 threads per core) family 6 model 142 stepping 10 microcode 0xe0, cx8, cmov, fxsr, ht, mmx, 3dnowpref, sse, sse2, sse3, ssse3, sse4.1, sse4.2, popcnt, lzcnt, tsc, tscinvbit, avx, avx2, aes, erms, clmul, bmi1, bmi2, adx, fma, vzeroupper, clflush, clflushopt, hv, rdtscp, f16c
Processor Information for processor 0
  Max Mhz: 1992, Current Mhz: 1792, Mhz Limit: 1792
Processor Information for processor 1
  Max Mhz: 1992, Current Mhz: 1792, Mhz Limit: 1792
Processor Information for processor 2
  Max Mhz: 1992, Current Mhz: 1494, Mhz Limit: 1792
Processor Information for processor 3
  Max Mhz: 1992, Current Mhz: 1494, Mhz Limit: 1792
Processor Information for processor 4
  Max Mhz: 1992, Current Mhz: 1792, Mhz Limit: 1792
Processor Information for processor 5
  Max Mhz: 1992, Current Mhz: 1494, Mhz Limit: 1792
Processor Information for processor 6
  Max Mhz: 1992, Current Mhz: 1792, Mhz Limit: 1792
Processor Information for processor 7
  Max Mhz: 1992, Current Mhz: 1792, Mhz Limit: 1792

Memory: 4k page, system-wide physical 16226M (3089M free)
TotalPageFile size 16226M (AvailPageFile size 146M)
current process WorkingSet (physical memory assigned to process): 12M, peak: 12M
current process commit charge ("private bytes"): 61M, peak: 314M

vm_info: OpenJDK 64-Bit Server VM (22.0.2+9-70) for windows-amd64 JRE (22.0.2+9-70), built on 2024-06-04T16:52:23Z by "mach5one" with MS VC++ 17.6 (VS2022)

END.
