#
# There is insufficient memory for the Java Runtime Environment to continue.
# Native memory allocation (mmap) failed to map 266338304 bytes. Error detail: G1 virtual space
# Possible reasons:
#   The system is out of physical RAM or swap space
#   This process is running with CompressedOops enabled, and the Java Heap may be blocking the growth of the native heap
# Possible solutions:
#   Reduce memory load on the system
#   Increase physical memory or swap space
#   Check if swap backing store is full
#   Decrease Java heap size (-Xmx/-Xms)
#   Decrease number of Java threads
#   Decrease Java thread stack sizes (-Xss)
#   Set larger code cache with -XX:ReservedCodeCacheSize=
#   JVM is running with Zero Based Compressed Oops mode in which the Java heap is
#     placed in the first 32GB address space. The Java Heap base address is the
#     maximum limit for the native heap growth. Please use -XX:HeapBaseMinAddress
#     to set the Java Heap base and to place the Java Heap above 32GB virtual address.
# This output file may be truncated or incomplete.
#
#  Out of Memory Error (os_windows.cpp:3631), pid=1428, tid=13672
#
# JRE version:  (22.0.2+9) (build )
# Java VM: OpenJDK 64-Bit Server VM (22.0.2+9-70, mixed mode, sharing, tiered, compressed oops, compressed class ptrs, g1 gc, windows-amd64)
# No core dump will be written. Minidumps are not enabled by default on client versions of Windows
#

---------------  S U M M A R Y ------------

Command Line: -javaagent:C:\Users\Kathi\AppData\Local\Programs\IntelliJ IDEA Ultimate\lib\idea_rt.jar=63548:C:\Users\Kathi\AppData\Local\Programs\IntelliJ IDEA Ultimate\bin -Dfile.encoding=UTF-8 -Dsun.stdout.encoding=UTF-8 -Dsun.stderr.encoding=UTF-8 Main

Host: Intel(R) Core(TM) i7-8550U CPU @ 1.80GHz, 8 cores, 15G,  Windows 11 , 64 bit Build 22621 (10.0.22621.4391)
Time: Mon Nov 25 21:21:52 2024 Mitteleuropäische Zeit elapsed time: 0.030686 seconds (0d 0h 0m 0s)

---------------  T H R E A D  ---------------

Current thread (0x00000131b39b09b0):  JavaThread "Unknown thread" [_thread_in_vm, id=13672, stack(0x0000001214200000,0x0000001214300000) (1024K)]

Stack: [0x0000001214200000,0x0000001214300000]
Native frames: (J=compiled Java code, j=interpreted, Vv=VM code, C=native code)
V  [jvm.dll+0x6e26e9]  (no source info available)
V  [jvm.dll+0x875753]  (no source info available)
V  [jvm.dll+0x877b7e]  (no source info available)
V  [jvm.dll+0x878253]  (no source info available)
V  [jvm.dll+0x27fc86]  (no source info available)
V  [jvm.dll+0x6ded85]  (no source info available)
V  [jvm.dll+0x6d388a]  (no source info available)
V  [jvm.dll+0x358b8a]  (no source info available)
V  [jvm.dll+0x3610b6]  (no source info available)
V  [jvm.dll+0x3b419e]  (no source info available)
V  [jvm.dll+0x3b4448]  (no source info available)
V  [jvm.dll+0x32c5ec]  (no source info available)
V  [jvm.dll+0x32d258]  (no source info available)
V  [jvm.dll+0x83d5ac]  (no source info available)
V  [jvm.dll+0x3c10d1]  (no source info available)
V  [jvm.dll+0x8264cc]  (no source info available)
V  [jvm.dll+0x45bd5e]  (no source info available)
V  [jvm.dll+0x45dbe1]  (no source info available)
C  [jli.dll+0x52a3]  (no source info available)
C  [ucrtbase.dll+0x29333]  (no source info available)
C  [KERNEL32.DLL+0x1259d]  (no source info available)
C  [ntdll.dll+0x5af38]  (no source info available)


---------------  P R O C E S S  ---------------

Threads class SMR info:
_java_thread_list=0x00007ffbc6c6c1c8, length=0, elements={
}

Java Threads: ( => current thread )
Total: 0

Other Threads:
  0x00000131b187df40 WorkerThread "GC Thread#0"                     [id=16620, stack(0x0000001214300000,0x0000001214400000) (1024K)]
  0x00000131b3a22710 ConcurrentGCThread "G1 Main Marker"            [id=18552, stack(0x0000001214400000,0x0000001214500000) (1024K)]
  0x00000131b3a248e0 WorkerThread "G1 Conc#0"                       [id=3924, stack(0x0000001214500000,0x0000001214600000) (1024K)]

[error occurred during error reporting (printing all threads), id 0xc0000005, EXCEPTION_ACCESS_VIOLATION (0xc0000005) at pc=0x00007ffbc63bf517]
VM state: not at safepoint (not fully initialized)

VM Mutex/Monitor currently owned by a thread:  ([mutex/lock_event])
[0x00007ffbc6cecc80] Heap_lock - owner thread: 0x00000131b39b09b0

Heap address: 0x0000000702600000, size: 4058 MB, Compressed Oops mode: Zero based, Oop shift amount: 3

CDS archive(s) mapped at: [0x0000000000000000-0x0000000000000000-0x0000000000000000), size 0, SharedBaseAddress: 0x0000000800000000, ArchiveRelocationMode: 1.
Narrow klass base: 0x0000000000000000, Narrow klass shift: 0, Narrow klass range: 0x0

GC Precious Log:
 CardTable entry size: 512
 Card Set container configuration: InlinePtr #cards 4 size 8 Array Of Cards #cards 16 size 48 Howl #buckets 8 coarsen threshold 3686 Howl Bitmap #cards 512 size 80 coarsen threshold 460 Card regions per heap region 1 cards per card region 4096

Heap:
 garbage-first heap   total reserved 4155392K, committed 0K, used 0K [0x0000000702600000, 0x0000000800000000)
  region size 2048K, 0 young (0K), 0 survivors (0K)

[error occurred during error reporting (printing heap information), id 0xc0000005, EXCEPTION_ACCESS_VIOLATION (0xc0000005) at pc=0x00007ffbc67be869]
GC Heap History (0 events):
No events

Dll operation events (1 events):
Event: 0.023 Loaded shared library C:\Users\Kathi\.jdks\openjdk-22.0.2\bin\java.dll

Deoptimization events (0 events):
No events

Classes loaded (0 events):
No events

Classes unloaded (0 events):
No events

Classes redefined (0 events):
No events

Internal exceptions (0 events):
No events

ZGC Phase Switch (0 events):
No events

VM Operations (0 events):
No events

Memory protections (0 events):
No events

Nmethod flushes (0 events):
No events

Events (0 events):
No events


Dynamic libraries:
0x00007ff7cc390000 - 0x00007ff7cc39e000 	C:\Users\Kathi\.jdks\openjdk-22.0.2\bin\java.exe
0x00007ffc20df0000 - 0x00007ffc21007000 	C:\WINDOWS\SYSTEM32\ntdll.dll
0x00007ffc20340000 - 0x00007ffc20404000 	C:\WINDOWS\System32\KERNEL32.DLL
0x00007ffc1e330000 - 0x00007ffc1e6e9000 	C:\WINDOWS\System32\KERNELBASE.dll
0x00007ffc1e6f0000 - 0x00007ffc1e801000 	C:\WINDOWS\System32\ucrtbase.dll
0x00007ffbf3870000 - 0x00007ffbf388b000 	C:\Users\Kathi\.jdks\openjdk-22.0.2\bin\VCRUNTIME140.dll
0x00007ffbf3850000 - 0x00007ffbf3867000 	C:\Users\Kathi\.jdks\openjdk-22.0.2\bin\jli.dll
0x00007ffc20410000 - 0x00007ffc205be000 	C:\WINDOWS\System32\USER32.dll
0x00007ffc1e120000 - 0x00007ffc1e146000 	C:\WINDOWS\System32\win32u.dll
0x00007ffc0a9f0000 - 0x00007ffc0ac82000 	C:\WINDOWS\WinSxS\amd64_microsoft.windows.common-controls_6595b64144ccf1df_6.0.22621.4391_none_2715d37f73803e96\COMCTL32.dll
0x00007ffc1ede0000 - 0x00007ffc1ee09000 	C:\WINDOWS\System32\GDI32.dll
0x00007ffc1ed10000 - 0x00007ffc1edb7000 	C:\WINDOWS\System32\msvcrt.dll
0x00007ffc1e150000 - 0x00007ffc1e26b000 	C:\WINDOWS\System32\gdi32full.dll
0x00007ffc1ea70000 - 0x00007ffc1eb0a000 	C:\WINDOWS\System32\msvcp_win.dll
0x00007ffc20750000 - 0x00007ffc20781000 	C:\WINDOWS\System32\IMM32.DLL
0x00007ffc19d00000 - 0x00007ffc19d0c000 	C:\Users\Kathi\.jdks\openjdk-22.0.2\bin\vcruntime140_1.dll
0x00007ffbef190000 - 0x00007ffbef21e000 	C:\Users\Kathi\.jdks\openjdk-22.0.2\bin\msvcp140.dll
0x00007ffbc6080000 - 0x00007ffbc6dc9000 	C:\Users\Kathi\.jdks\openjdk-22.0.2\bin\server\jvm.dll
0x00007ffc1f4b0000 - 0x00007ffc1f562000 	C:\WINDOWS\System32\ADVAPI32.dll
0x00007ffc20890000 - 0x00007ffc20937000 	C:\WINDOWS\System32\sechost.dll
0x00007ffc1e0f0000 - 0x00007ffc1e118000 	C:\WINDOWS\System32\bcrypt.dll
0x00007ffc20c90000 - 0x00007ffc20da4000 	C:\WINDOWS\System32\RPCRT4.dll
0x00007ffc1ec90000 - 0x00007ffc1ed01000 	C:\WINDOWS\System32\WS2_32.dll
0x00007ffc1da20000 - 0x00007ffc1da6d000 	C:\WINDOWS\SYSTEM32\POWRPROF.dll
0x00007ffc178f0000 - 0x00007ffc17924000 	C:\WINDOWS\SYSTEM32\WINMM.dll
0x00007ffc178c0000 - 0x00007ffc178ca000 	C:\WINDOWS\SYSTEM32\VERSION.dll
0x00007ffc1da00000 - 0x00007ffc1da13000 	C:\WINDOWS\SYSTEM32\UMPDC.dll
0x00007ffc1d0f0000 - 0x00007ffc1d108000 	C:\WINDOWS\SYSTEM32\kernel.appcore.dll
0x00007ffc06030000 - 0x00007ffc0603a000 	C:\Users\Kathi\.jdks\openjdk-22.0.2\bin\jimage.dll
0x00007ffc1b710000 - 0x00007ffc1b942000 	C:\WINDOWS\SYSTEM32\DBGHELP.DLL
0x00007ffc1ffb0000 - 0x00007ffc2033f000 	C:\WINDOWS\System32\combase.dll
0x00007ffc209f0000 - 0x00007ffc20ac7000 	C:\WINDOWS\System32\OLEAUT32.dll
0x00007ffc0afa0000 - 0x00007ffc0afd2000 	C:\WINDOWS\SYSTEM32\dbgcore.DLL
0x00007ffc1e9f0000 - 0x00007ffc1ea6b000 	C:\WINDOWS\System32\bcryptPrimitives.dll
0x00007ffbf69b0000 - 0x00007ffbf69bf000 	C:\Users\Kathi\.jdks\openjdk-22.0.2\bin\instrument.dll
0x00007ffbf3830000 - 0x00007ffbf384e000 	C:\Users\Kathi\.jdks\openjdk-22.0.2\bin\java.dll
0x00007ffc1f730000 - 0x00007ffc1ffa6000 	C:\WINDOWS\System32\SHELL32.dll
0x00007ffc20ae0000 - 0x00007ffc20c85000 	C:\WINDOWS\System32\ole32.dll

dbghelp: loaded successfully - version: 4.0.5 - missing functions: none
symbol engine: initialized successfully - sym options: 0x614 - pdb path: .;C:\Users\Kathi\.jdks\openjdk-22.0.2\bin;C:\WINDOWS\SYSTEM32;C:\WINDOWS\WinSxS\amd64_microsoft.windows.common-controls_6595b64144ccf1df_6.0.22621.4391_none_2715d37f73803e96;C:\Users\Kathi\.jdks\openjdk-22.0.2\bin\server

VM Arguments:
jvm_args: -javaagent:C:\Users\Kathi\AppData\Local\Programs\IntelliJ IDEA Ultimate\lib\idea_rt.jar=63548:C:\Users\Kathi\AppData\Local\Programs\IntelliJ IDEA Ultimate\bin -Dfile.encoding=UTF-8 -Dsun.stdout.encoding=UTF-8 -Dsun.stderr.encoding=UTF-8 
java_command: Main
java_class_path (initial): C:\Users\Kathi\Dokumente\JAVA-codes-3rd\08-zaehlThreads\out\production\08-zaehlThreads
Launcher Type: SUN_STANDARD

[Global flags]
     intx CICompilerCount                          = 4                                         {product} {ergonomic}
     uint ConcGCThreads                            = 2                                         {product} {ergonomic}
     uint G1ConcRefinementThreads                  = 8                                         {product} {ergonomic}
   size_t G1HeapRegionSize                         = 2097152                                   {product} {ergonomic}
   size_t InitialHeapSize                          = 266338304                                 {product} {ergonomic}
   size_t MarkStackSize                            = 4194304                                   {product} {ergonomic}
   size_t MaxHeapSize                              = 4255121408                                {product} {ergonomic}
   size_t MinHeapDeltaBytes                        = 2097152                                   {product} {ergonomic}
   size_t MinHeapSize                              = 8388608                                   {product} {ergonomic}
    uintx NonNMethodCodeHeapSize                   = 5839372                                {pd product} {ergonomic}
    uintx NonProfiledCodeHeapSize                  = 122909434                              {pd product} {ergonomic}
    uintx ProfiledCodeHeapSize                     = 122909434                              {pd product} {ergonomic}
    uintx ReservedCodeCacheSize                    = 251658240                              {pd product} {ergonomic}
     bool SegmentedCodeCache                       = true                                      {product} {ergonomic}
   size_t SoftMaxHeapSize                          = 4255121408                             {manageable} {ergonomic}
     bool UseCompressedOops                        = true                           {product lp64_product} {ergonomic}
     bool UseG1GC                                  = true                                      {product} {ergonomic}
     bool UseLargePagesIndividualAllocation        = false                                  {pd product} {ergonomic}

Logging:
Log output configuration:
 #0: stdout all=warning uptime,level,tags foldmultilines=false
 #1: stderr all=off uptime,level,tags foldmultilines=false

Environment Variables:
PATH=C:\Program Files (x86)\Common Files\Oracle\Java\java8path;C:\Program Files (x86)\Common Files\Oracle\Java\javapath;C:\WINDOWS\system32;C:\WINDOWS;C:\WINDOWS\System32\Wbem;C:\WINDOWS\System32\WindowsPowerShell\v1.0\;C:\WINDOWS\System32\OpenSSH\;C:\Program Files\Intel\WiFi\bin\;C:\Program Files\Common Files\Intel\WirelessCommon\;C:\Program Files\dotnet\;C:\Program Files (x86)\NVIDIA Corporation\PhysX\Common;C:\Program Files\Microsoft SQL Server\150\Tools\Binn\;C:\Program Files\Microsoft SQL Server\Client SDK\ODBC\170\Tools\Binn\;C:\Program Files\dotnet;C:\Program Files\Git\cmd;C:\Program Files\nodejs\;C:\Users\Kathi\AppData\Local\Microsoft\WindowsApps;C:\Users\Kathi\AppData\Local\Programs\Microsoft VS Code\bin;C:\Users\Kathi\.dotnet\tools;C:\Users\Kathi\AppData\Local\JetBrains\Toolbox\scripts;C:\Users\Kathi\.dotnet\tools;C:\Users\Kathi\AppData\Local\GitHubDesktop\bin;C:\Users\Kathi\AppData\Roaming\npm
USERNAME=Kathi
OS=Windows_NT
PROCESSOR_IDENTIFIER=Intel64 Family 6 Model 142 Stepping 10, GenuineIntel
TMP=C:\Users\Kathi\AppData\Local\Temp
TEMP=C:\Users\Kathi\AppData\Local\Temp




Periodic native trim disabled

---------------  S Y S T E M  ---------------

OS:
 Windows 11 , 64 bit Build 22621 (10.0.22621.4391)
OS uptime: 3 days 11:57 hours
Hyper-V role detected

CPU: total 8 (initial active 8) (4 cores per cpu, 2 threads per core) family 6 model 142 stepping 10 microcode 0xe0, cx8, cmov, fxsr, ht, mmx, 3dnowpref, sse, sse2, sse3, ssse3, sse4.1, sse4.2, popcnt, lzcnt, tsc, tscinvbit, avx, avx2, aes, erms, clmul, bmi1, bmi2, adx, fma, vzeroupper, clflush, clflushopt, hv, rdtscp, f16c
Processor Information for all 8 processors :
  Max Mhz: 1992, Current Mhz: 1792, Mhz Limit: 1792

Memory: 4k page, system-wide physical 16226M (2995M free)
TotalPageFile size 16226M (AvailPageFile size 64M)
current process WorkingSet (physical memory assigned to process): 12M, peak: 12M
current process commit charge ("private bytes"): 60M, peak: 314M

vm_info: OpenJDK 64-Bit Server VM (22.0.2+9-70) for windows-amd64 JRE (22.0.2+9-70), built on 2024-06-04T16:52:23Z by "mach5one" with MS VC++ 17.6 (VS2022)

END.
