#
# There is insufficient memory for the Java Runtime Environment to continue.
# Native memory allocation (mmap) failed to map 266338304 bytes. Error detail: G1 virtual space
# Possible reasons:
#   The system is out of physical RAM or swap space
#   This process is running with CompressedOops enabled, and the Java Heap may be blocking the growth of the native heap
# Possible solutions:
#   Reduce memory load on the system
#   Increase physical memory or swap space
#   Check if swap backing store is full
#   Decrease Java heap size (-Xmx/-Xms)
#   Decrease number of Java threads
#   Decrease Java thread stack sizes (-Xss)
#   Set larger code cache with -XX:ReservedCodeCacheSize=
#   JVM is running with Zero Based Compressed Oops mode in which the Java heap is
#     placed in the first 32GB address space. The Java Heap base address is the
#     maximum limit for the native heap growth. Please use -XX:HeapBaseMinAddress
#     to set the Java Heap base and to place the Java Heap above 32GB virtual address.
# This output file may be truncated or incomplete.
#
#  Out of Memory Error (os_windows.cpp:3703), pid=12032, tid=18804
#
# JRE version:  (23.0+37) (build )
# Java VM: OpenJDK 64-Bit Server VM (23+37, mixed mode, sharing, tiered, compressed oops, compressed class ptrs, g1 gc, windows-amd64)
# No core dump will be written. Minidumps are not enabled by default on client versions of Windows
#

---------------  S U M M A R Y ------------

Command Line: -javaagent:C:\Users\Kathi\AppData\Local\Programs\IntelliJ IDEA Ultimate\lib\idea_rt.jar=58912:C:\Users\Kathi\AppData\Local\Programs\IntelliJ IDEA Ultimate\bin -Dfile.encoding=UTF-8 -Dsun.stdout.encoding=UTF-8 -Dsun.stderr.encoding=UTF-8 supermarkt.Main

Host: Intel(R) Core(TM) i7-8550U CPU @ 1.80GHz, 8 cores, 15G,  Windows 11 , 64 bit Build 22621 (10.0.22621.4391)
Time: Fri Nov 29 13:03:17 2024 Mitteleuropäische Zeit elapsed time: 0.022914 seconds (0d 0h 0m 0s)

---------------  T H R E A D  ---------------

Current thread (0x0000017ae12a57f0):  JavaThread "Unknown thread" [_thread_in_vm, id=18804, stack(0x00000046ec700000,0x00000046ec800000) (1024K)]

Stack: [0x00000046ec700000,0x00000046ec800000]
Native frames: (J=compiled Java code, j=interpreted, Vv=VM code, C=native code)
V  [jvm.dll+0x6e8c69]  (no source info available)
V  [jvm.dll+0x8d9073]  (no source info available)
V  [jvm.dll+0x8db4fe]  (no source info available)
V  [jvm.dll+0x8dbbd3]  (no source info available)
V  [jvm.dll+0x281aa6]  (no source info available)
V  [jvm.dll+0x6e5565]  (no source info available)
V  [jvm.dll+0x6d957a]  (no source info available)
V  [jvm.dll+0x3625fa]  (no source info available)
V  [jvm.dll+0x36aa26]  (no source info available)
V  [jvm.dll+0x356fce]  (no source info available)
V  [jvm.dll+0x357268]  (no source info available)
V  [jvm.dll+0x32fbfc]  (no source info available)
V  [jvm.dll+0x33089e]  (no source info available)
V  [jvm.dll+0x89f915]  (no source info available)
V  [jvm.dll+0x3bfe88]  (no source info available)
V  [jvm.dll+0x88845c]  (no source info available)
V  [jvm.dll+0x45a16e]  (no source info available)
V  [jvm.dll+0x45bf81]  (no source info available)
C  [jli.dll+0x5278]  (no source info available)
C  [ucrtbase.dll+0x29333]  (no source info available)
C  [KERNEL32.DLL+0x1259d]  (no source info available)
C  [ntdll.dll+0x5af38]  (no source info available)

Lock stack of current Java thread (top to bottom):


---------------  P R O C E S S  ---------------

Threads class SMR info:
_java_thread_list=0x00007ff9e1008ad8, length=0, elements={
}

Java Threads: ( => current thread )
Total: 0

Other Threads:
  0x0000017ae36b46b0 WorkerThread "GC Thread#0"                     [id=12692, stack(0x00000046ec800000,0x00000046ec900000) (1024K)]
  0x0000017ae36c95a0 ConcurrentGCThread "G1 Main Marker"            [id=13916, stack(0x00000046ec900000,0x00000046eca00000) (1024K)]
  0x0000017ae36ca850 WorkerThread "G1 Conc#0"                       [id=16632, stack(0x00000046eca00000,0x00000046ecb00000) (1024K)]

[error occurred during error reporting (printing all threads), id 0xc0000005, EXCEPTION_ACCESS_VIOLATION (0xc0000005) at pc=0x00007ff9e06e326a]
VM state: not at safepoint (not fully initialized)

VM Mutex/Monitor currently owned by a thread:  ([mutex/lock_event])
[0x00007ff9e108be70] Heap_lock - owner thread: 0x0000017ae12a57f0

Heap address: 0x0000000702600000, size: 4058 MB, Compressed Oops mode: Zero based, Oop shift amount: 3

CDS archive(s) mapped at: [0x0000000000000000-0x0000000000000000-0x0000000000000000), size 0, SharedBaseAddress: 0x0000000800000000, ArchiveRelocationMode: 1.
Narrow klass base: 0x0000000000000000, Narrow klass shift: 0, Narrow klass range: 0x0

GC Precious Log:
 CardTable entry size: 512
 Card Set container configuration: InlinePtr #cards 4 size 8 Array Of Cards #cards 16 size 48 Howl #buckets 8 coarsen threshold 3686 Howl Bitmap #cards 512 size 80 coarsen threshold 460 Card regions per heap region 1 cards per card region 4096

Heap:
 garbage-first heap   total reserved 4155392K, committed 0K, used 0K [0x0000000702600000, 0x0000000800000000)
  region size 2048K, 0 young (0K), 0 survivors (0K)

[error occurred during error reporting (printing heap information), id 0xc0000005, EXCEPTION_ACCESS_VIOLATION (0xc0000005) at pc=0x00007ff9e0ae51e9]
GC Heap History (0 events):
No events

Dll operation events (1 events):
Event: 0.017 Loaded shared library C:\Users\Kathi\.jdks\temurin-23\bin\java.dll

Deoptimization events (0 events):
No events

Classes loaded (0 events):
No events

Classes unloaded (0 events):
No events

Classes redefined (0 events):
No events

Internal exceptions (0 events):
No events

VM Operations (0 events):
No events

Memory protections (0 events):
No events

Nmethod flushes (0 events):
No events

Events (0 events):
No events


Dynamic libraries:
0x00007ff6b11c0000 - 0x00007ff6b11ce000 	C:\Users\Kathi\.jdks\temurin-23\bin\java.exe
0x00007ffa4bc30000 - 0x00007ffa4be47000 	C:\WINDOWS\SYSTEM32\ntdll.dll
0x00007ffa4b240000 - 0x00007ffa4b304000 	C:\WINDOWS\System32\KERNEL32.DLL
0x00007ffa491a0000 - 0x00007ffa49559000 	C:\WINDOWS\System32\KERNELBASE.dll
0x00007ffa48f30000 - 0x00007ffa49041000 	C:\WINDOWS\System32\ucrtbase.dll
0x00007ffa33310000 - 0x00007ffa3332b000 	C:\Users\Kathi\.jdks\temurin-23\bin\VCRUNTIME140.dll
0x00007ffa320f0000 - 0x00007ffa32107000 	C:\Users\Kathi\.jdks\temurin-23\bin\jli.dll
0x00007ffa4af80000 - 0x00007ffa4b12e000 	C:\WINDOWS\System32\USER32.dll
0x00007ffa490d0000 - 0x00007ffa490f6000 	C:\WINDOWS\System32\win32u.dll
0x00007ffa34090000 - 0x00007ffa34322000 	C:\WINDOWS\WinSxS\amd64_microsoft.windows.common-controls_6595b64144ccf1df_6.0.22621.4391_none_2715d37f73803e96\COMCTL32.dll
0x00007ffa49a90000 - 0x00007ffa49b37000 	C:\WINDOWS\System32\msvcrt.dll
0x00007ffa49b40000 - 0x00007ffa49b69000 	C:\WINDOWS\System32\GDI32.dll
0x00007ffa49560000 - 0x00007ffa4967b000 	C:\WINDOWS\System32\gdi32full.dll
0x00007ffa49100000 - 0x00007ffa4919a000 	C:\WINDOWS\System32\msvcp_win.dll
0x00007ffa4b310000 - 0x00007ffa4b341000 	C:\WINDOWS\System32\IMM32.DLL
0x00007ffa3ce20000 - 0x00007ffa3ce2c000 	C:\Users\Kathi\.jdks\temurin-23\bin\vcruntime140_1.dll
0x00007ffa17c40000 - 0x00007ffa17cce000 	C:\Users\Kathi\.jdks\temurin-23\bin\msvcp140.dll
0x00007ff9e03a0000 - 0x00007ff9e116d000 	C:\Users\Kathi\.jdks\temurin-23\bin\server\jvm.dll
0x00007ffa4a230000 - 0x00007ffa4a2e2000 	C:\WINDOWS\System32\ADVAPI32.dll
0x00007ffa4ae10000 - 0x00007ffa4aeb7000 	C:\WINDOWS\System32\sechost.dll
0x00007ffa49740000 - 0x00007ffa49768000 	C:\WINDOWS\System32\bcrypt.dll
0x00007ffa49950000 - 0x00007ffa49a64000 	C:\WINDOWS\System32\RPCRT4.dll
0x00007ffa4a050000 - 0x00007ffa4a0c1000 	C:\WINDOWS\System32\WS2_32.dll
0x00007ffa429a0000 - 0x00007ffa429d4000 	C:\WINDOWS\SYSTEM32\WINMM.dll
0x00007ffa48a00000 - 0x00007ffa48a4d000 	C:\WINDOWS\SYSTEM32\POWRPROF.dll
0x00007ffa41360000 - 0x00007ffa4136a000 	C:\WINDOWS\SYSTEM32\VERSION.dll
0x00007ffa489a0000 - 0x00007ffa489b3000 	C:\WINDOWS\SYSTEM32\UMPDC.dll
0x00007ffa47ed0000 - 0x00007ffa47ee8000 	C:\WINDOWS\SYSTEM32\kernel.appcore.dll
0x00007ffa319f0000 - 0x00007ffa319fa000 	C:\Users\Kathi\.jdks\temurin-23\bin\jimage.dll
0x00007ffa46550000 - 0x00007ffa46782000 	C:\WINDOWS\SYSTEM32\DBGHELP.DLL
0x00007ffa4b6a0000 - 0x00007ffa4ba2f000 	C:\WINDOWS\System32\combase.dll
0x00007ffa4b4c0000 - 0x00007ffa4b597000 	C:\WINDOWS\System32\OLEAUT32.dll
0x00007ffa2faf0000 - 0x00007ffa2fb22000 	C:\WINDOWS\SYSTEM32\dbgcore.DLL
0x00007ffa49050000 - 0x00007ffa490cb000 	C:\WINDOWS\System32\bcryptPrimitives.dll
0x00007ffa2f220000 - 0x00007ffa2f22f000 	C:\Users\Kathi\.jdks\temurin-23\bin\instrument.dll
0x00007ffa25cb0000 - 0x00007ffa25cce000 	C:\Users\Kathi\.jdks\temurin-23\bin\java.dll
0x00007ffa4a2f0000 - 0x00007ffa4a495000 	C:\WINDOWS\System32\ole32.dll
0x00007ffa4a4f0000 - 0x00007ffa4ad66000 	C:\WINDOWS\System32\SHELL32.dll

dbghelp: loaded successfully - version: 4.0.5 - missing functions: none
symbol engine: initialized successfully - sym options: 0x614 - pdb path: .;C:\Users\Kathi\.jdks\temurin-23\bin;C:\WINDOWS\SYSTEM32;C:\WINDOWS\WinSxS\amd64_microsoft.windows.common-controls_6595b64144ccf1df_6.0.22621.4391_none_2715d37f73803e96;C:\Users\Kathi\.jdks\temurin-23\bin\server

VM Arguments:
jvm_args: -javaagent:C:\Users\Kathi\AppData\Local\Programs\IntelliJ IDEA Ultimate\lib\idea_rt.jar=58912:C:\Users\Kathi\AppData\Local\Programs\IntelliJ IDEA Ultimate\bin -Dfile.encoding=UTF-8 -Dsun.stdout.encoding=UTF-8 -Dsun.stderr.encoding=UTF-8 
java_command: supermarkt.Main
java_class_path (initial): C:\Users\Kathi\Dokumente\JAVA-codes-3rd\09-Supermarkt\target\classes
Launcher Type: SUN_STANDARD

[Global flags]
     intx CICompilerCount                          = 4                                         {product} {ergonomic}
     uint ConcGCThreads                            = 2                                         {product} {ergonomic}
     uint G1ConcRefinementThreads                  = 8                                         {product} {ergonomic}
   size_t G1HeapRegionSize                         = 2097152                                   {product} {ergonomic}
   size_t InitialHeapSize                          = 266338304                                 {product} {ergonomic}
   size_t MarkStackSize                            = 4194304                                   {product} {ergonomic}
   size_t MarkStackSizeMax                         = 536870912                                 {product} {ergonomic}
   size_t MaxHeapSize                              = 4255121408                                {product} {ergonomic}
   size_t MinHeapDeltaBytes                        = 2097152                                   {product} {ergonomic}
   size_t MinHeapSize                              = 8388608                                   {product} {ergonomic}
    uintx NonNMethodCodeHeapSize                   = 5832704                                {pd product} {ergonomic}
    uintx NonProfiledCodeHeapSize                  = 122945536                              {pd product} {ergonomic}
    uintx ProfiledCodeHeapSize                     = 122880000                              {pd product} {ergonomic}
    uintx ReservedCodeCacheSize                    = 251658240                              {pd product} {ergonomic}
     bool SegmentedCodeCache                       = true                                      {product} {ergonomic}
   size_t SoftMaxHeapSize                          = 4255121408                             {manageable} {ergonomic}
     bool UseCompressedOops                        = true                           {product lp64_product} {ergonomic}
     bool UseG1GC                                  = true                                      {product} {ergonomic}
     bool UseLargePagesIndividualAllocation        = false                                  {pd product} {ergonomic}

Logging:
Log output configuration:
 #0: stdout all=warning uptime,level,tags foldmultilines=false
 #1: stderr all=off uptime,level,tags foldmultilines=false

Environment Variables:
PATH=C:\Program Files (x86)\Common Files\Oracle\Java\java8path;C:\Program Files (x86)\Common Files\Oracle\Java\javapath;C:\WINDOWS\system32;C:\WINDOWS;C:\WINDOWS\System32\Wbem;C:\WINDOWS\System32\WindowsPowerShell\v1.0\;C:\WINDOWS\System32\OpenSSH\;C:\Program Files\Intel\WiFi\bin\;C:\Program Files\Common Files\Intel\WirelessCommon\;C:\Program Files\dotnet\;C:\Program Files (x86)\NVIDIA Corporation\PhysX\Common;C:\Program Files\Microsoft SQL Server\150\Tools\Binn\;C:\Program Files\Microsoft SQL Server\Client SDK\ODBC\170\Tools\Binn\;C:\Program Files\dotnet;C:\Program Files\Git\cmd;C:\Program Files\nodejs\;C:\Users\Kathi\AppData\Local\Microsoft\WindowsApps;C:\Users\Kathi\AppData\Local\Programs\Microsoft VS Code\bin;C:\Users\Kathi\.dotnet\tools;C:\Users\Kathi\AppData\Local\JetBrains\Toolbox\scripts;C:\Users\Kathi\.dotnet\tools;C:\Users\Kathi\AppData\Local\GitHubDesktop\bin;C:\Users\Kathi\AppData\Roaming\npm
USERNAME=Kathi
OS=Windows_NT
PROCESSOR_IDENTIFIER=Intel64 Family 6 Model 142 Stepping 10, GenuineIntel
TMP=C:\Users\Kathi\AppData\Local\Temp
TEMP=C:\Users\Kathi\AppData\Local\Temp




Periodic native trim disabled

---------------  S Y S T E M  ---------------

OS:
 Windows 11 , 64 bit Build 22621 (10.0.22621.4391)
OS uptime: 1 days 0:28 hours
Hyper-V role detected

CPU: total 8 (initial active 8) (4 cores per cpu, 2 threads per core) family 6 model 142 stepping 10 microcode 0xe0, cx8, cmov, fxsr, ht, mmx, 3dnowpref, sse, sse2, sse3, ssse3, sse4.1, sse4.2, popcnt, lzcnt, tsc, tscinvbit, avx, avx2, aes, erms, clmul, bmi1, bmi2, adx, fma, vzeroupper, clflush, clflushopt, hv, rdtscp, f16c
Processor Information for the first 8 processors :
  Max Mhz: 1992, Current Mhz: 1792, Mhz Limit: 1792

Memory: 4k page, system-wide physical 16226M (2818M free)
TotalPageFile size 16226M (AvailPageFile size 196M)
current process WorkingSet (physical memory assigned to process): 12M, peak: 12M
current process commit charge ("private bytes"): 60M, peak: 314M

vm_info: OpenJDK 64-Bit Server VM (23+37) for windows-amd64 JRE (23+37), built on 2024-09-17T00:00:00Z with MS VC++ 17.7 (VS2022)

END.
