#
# There is insufficient memory for the Java Runtime Environment to continue.
# Native memory allocation (mmap) failed to map 65536 bytes. Error detail: Failed to commit metaspace.
# Possible reasons:
#   The system is out of physical RAM or swap space
#   This process is running with CompressedOops enabled, and the Java Heap may be blocking the growth of the native heap
# Possible solutions:
#   Reduce memory load on the system
#   Increase physical memory or swap space
#   Check if swap backing store is full
#   Decrease Java heap size (-Xmx/-Xms)
#   Decrease number of Java threads
#   Decrease Java thread stack sizes (-Xss)
#   Set larger code cache with -XX:ReservedCodeCacheSize=
#   JVM is running with Zero Based Compressed Oops mode in which the Java heap is
#     placed in the first 32GB address space. The Java Heap base address is the
#     maximum limit for the native heap growth. Please use -XX:HeapBaseMinAddress
#     to set the Java Heap base and to place the Java Heap above 32GB virtual address.
# This output file may be truncated or incomplete.
#
#  Out of Memory Error (virtualSpaceNode.cpp:113), pid=16376, tid=5692
#
# JRE version: OpenJDK Runtime Environment Temurin-23+37 (23.0+37) (build 23+37)
# Java VM: OpenJDK 64-Bit Server VM Temurin-23+37 (23+37, mixed mode, sharing, tiered, compressed oops, compressed class ptrs, g1 gc, windows-amd64)
# No core dump will be written. Minidumps are not enabled by default on client versions of Windows
#

---------------  S U M M A R Y ------------

Command Line: -javaagent:C:\Users\Kathi\AppData\Local\Programs\IntelliJ IDEA Ultimate\lib\idea_rt.jar=59045:C:\Users\Kathi\AppData\Local\Programs\IntelliJ IDEA Ultimate\bin -Dfile.encoding=UTF-8 -Dsun.stdout.encoding=UTF-8 -Dsun.stderr.encoding=UTF-8 supermarkt.Main

Host: Intel(R) Core(TM) i7-8550U CPU @ 1.80GHz, 8 cores, 15G,  Windows 11 , 64 bit Build 22621 (10.0.22621.4391)
Time: Fri Nov 29 13:05:43 2024 Mitteleuropäische Zeit elapsed time: 0.204253 seconds (0d 0h 0m 0s)

---------------  T H R E A D  ---------------

Current thread (0x000001b353b64ea0):  JavaThread "C1 CompilerThread0" daemon [_thread_in_vm, id=5692, stack(0x00000062bcb00000,0x00000062bcc00000) (1024K)]


Current CompileTask:
C1:204  300       3       java.io.DataInputStream::readUTF (497 bytes)

Stack: [0x00000062bcb00000,0x00000062bcc00000]
Native frames: (J=compiled Java code, j=interpreted, Vv=VM code, C=native code)
V  [jvm.dll+0x6e8c69]  (no source info available)
V  [jvm.dll+0x8d9073]  (no source info available)
V  [jvm.dll+0x8db4fe]  (no source info available)
V  [jvm.dll+0x8dbbd3]  (no source info available)
V  [jvm.dll+0x281aa6]  (no source info available)
V  [jvm.dll+0x8d4dce]  (no source info available)
V  [jvm.dll+0x688e85]  (no source info available)
V  [jvm.dll+0x688eea]  (no source info available)
V  [jvm.dll+0x68b707]  (no source info available)
V  [jvm.dll+0x227b1c]  (no source info available)
V  [jvm.dll+0x68989e]  (no source info available)
V  [jvm.dll+0x69ae6a]  (no source info available)
V  [jvm.dll+0x693ed2]  (no source info available)
V  [jvm.dll+0x1f4570]  (no source info available)
V  [jvm.dll+0x1f4758]  (no source info available)
V  [jvm.dll+0x1683ae]  (no source info available)
V  [jvm.dll+0x1681e1]  (no source info available)
V  [jvm.dll+0x15fd72]  (no source info available)
V  [jvm.dll+0x161ff3]  (no source info available)
V  [jvm.dll+0x160615]  (no source info available)
V  [jvm.dll+0x159d37]  (no source info available)
V  [jvm.dll+0x169e66]  (no source info available)
V  [jvm.dll+0x15502b]  (no source info available)
V  [jvm.dll+0x155423]  (no source info available)
V  [jvm.dll+0x15578b]  (no source info available)
V  [jvm.dll+0x154b58]  (no source info available)
V  [jvm.dll+0x15699d]  (no source info available)
V  [jvm.dll+0x25a13e]  (no source info available)
V  [jvm.dll+0x25840a]  (no source info available)
V  [jvm.dll+0x3f4706]  (no source info available)
V  [jvm.dll+0x88026b]  (no source info available)
V  [jvm.dll+0x6e7475]  (no source info available)
C  [ucrtbase.dll+0x29333]  (no source info available)
C  [KERNEL32.DLL+0x1259d]  (no source info available)
C  [ntdll.dll+0x5af38]  (no source info available)

Lock stack of current Java thread (top to bottom):


---------------  P R O C E S S  ---------------

Threads class SMR info:
_java_thread_list=0x000001b353d71a10, length=13, elements={
0x000001b33434abb0, 0x000001b353b2ed80, 0x000001b353b30e60, 0x000001b353b353e0,
0x000001b353b381a0, 0x000001b353b39370, 0x000001b353b3c020, 0x000001b353b41e10,
0x000001b353b64ea0, 0x000001b353b3c6b0, 0x000001b353b3b990, 0x000001b353b3a5e0,
0x000001b353b3b300
}

Java Threads: ( => current thread )
  0x000001b33434abb0 JavaThread "main"                              [_thread_blocked, id=11988, stack(0x00000062bbc00000,0x00000062bbd00000) (1024K)]
  0x000001b353b2ed80 JavaThread "Reference Handler"          daemon [_thread_blocked, id=16464, stack(0x00000062bc400000,0x00000062bc500000) (1024K)]
  0x000001b353b30e60 JavaThread "Finalizer"                  daemon [_thread_blocked, id=7660, stack(0x00000062bc500000,0x00000062bc600000) (1024K)]
  0x000001b353b353e0 JavaThread "Signal Dispatcher"          daemon [_thread_blocked, id=11720, stack(0x00000062bc600000,0x00000062bc700000) (1024K)]
  0x000001b353b381a0 JavaThread "Attach Listener"            daemon [_thread_in_vm, id=4364, stack(0x00000062bc700000,0x00000062bc800000) (1024K)]
  0x000001b353b39370 JavaThread "Service Thread"             daemon [_thread_blocked, id=14720, stack(0x00000062bc800000,0x00000062bc900000) (1024K)]
  0x000001b353b3c020 JavaThread "Monitor Deflation Thread"   daemon [_thread_blocked, id=17152, stack(0x00000062bc900000,0x00000062bca00000) (1024K)]
  0x000001b353b41e10 JavaThread "C2 CompilerThread0"         daemon [_thread_blocked, id=9888, stack(0x00000062bca00000,0x00000062bcb00000) (1024K)]
=>0x000001b353b64ea0 JavaThread "C1 CompilerThread0"         daemon [_thread_in_vm, id=5692, stack(0x00000062bcb00000,0x00000062bcc00000) (1024K)]
  0x000001b353b3c6b0 JavaThread "Common-Cleaner"             daemon [_thread_blocked, id=19160, stack(0x00000062bcc00000,0x00000062bcd00000) (1024K)]
  0x000001b353b3b990 JavaThread "Monitor Ctrl-Break"         daemon [_thread_in_native, id=16444, stack(0x00000062bcd00000,0x00000062bce00000) (1024K)]
  0x000001b353b3a5e0 JavaThread "Notification Thread"        daemon [_thread_blocked, id=7248, stack(0x00000062bce00000,0x00000062bcf00000) (1024K)]
  0x000001b353b3b300 JavaThread "Thread-0"                          [_thread_in_vm, id=13264, stack(0x00000062bcf00000,0x00000062bd000000) (1024K)]
Total: 13

Other Threads:
  0x000001b353b139e0 VMThread "VM Thread"                           [id=5604, stack(0x00000062bc300000,0x00000062bc400000) (1024K)]
  0x000001b353b00c10 WatcherThread "VM Periodic Task Thread"        [id=3396, stack(0x00000062bc200000,0x00000062bc300000) (1024K)]
  0x000001b3343b6250 WorkerThread "GC Thread#0"                     [id=19252, stack(0x00000062bbd00000,0x00000062bbe00000) (1024K)]
  0x000001b3343cb050 ConcurrentGCThread "G1 Main Marker"            [id=4228, stack(0x00000062bbe00000,0x00000062bbf00000) (1024K)]
  0x000001b3343cca20 WorkerThread "G1 Conc#0"                       [id=15252, stack(0x00000062bbf00000,0x00000062bc000000) (1024K)]
  0x000001b3539d51a0 ConcurrentGCThread "G1 Refine#0"               [id=13916, stack(0x00000062bc000000,0x00000062bc100000) (1024K)]
  0x000001b3539d5c30 ConcurrentGCThread "G1 Service"                [id=15432, stack(0x00000062bc100000,0x00000062bc200000) (1024K)]
Total: 7

Threads with active compile tasks:
C1 CompilerThread0  309  300       3       java.io.DataInputStream::readUTF (497 bytes)
Total: 1

VM state: not at safepoint (normal execution)

VM Mutex/Monitor currently owned by a thread:  ([mutex/lock_event])
[0x00007ff9cb519cf0] Metaspace_lock - owner thread: 0x000001b353b64ea0

Heap address: 0x0000000702600000, size: 4058 MB, Compressed Oops mode: Zero based, Oop shift amount: 3

CDS archive(s) mapped at: [0x000001b354000000-0x000001b354d70000-0x000001b354d70000), size 14090240, SharedBaseAddress: 0x000001b354000000, ArchiveRelocationMode: 1.
Compressed class space mapped at: 0x000001b355000000-0x000001b395000000, reserved size: 1073741824
Narrow klass base: 0x000001b354000000, Narrow klass shift: 0, Narrow klass range: 0x41000000

GC Precious Log:
 CardTable entry size: 512
 Card Set container configuration: InlinePtr #cards 4 size 8 Array Of Cards #cards 16 size 48 Howl #buckets 8 coarsen threshold 3686 Howl Bitmap #cards 512 size 80 coarsen threshold 460 Card regions per heap region 1 cards per card region 4096
 CPUs: 8 total, 8 available
 Memory: 16226M
 Large Page Support: Disabled
 NUMA Support: Disabled
 Compressed Oops: Enabled (Zero based)
 Heap Region Size: 2M
 Heap Min Capacity: 8M
 Heap Initial Capacity: 254M
 Heap Max Capacity: 4058M
 Pre-touch: Disabled
 Parallel Workers: 8
 Concurrent Workers: 2
 Concurrent Refinement Workers: 8
 Periodic GC: Disabled

Heap:
 garbage-first heap   total reserved 4155392K, committed 260096K, used 2048K [0x0000000702600000, 0x0000000800000000)
  region size 2048K, 2 young (4096K), 0 survivors (0K)
 Metaspace       used 965K, committed 1088K, reserved 1114112K
  class space    used 83K, committed 192K, reserved 1048576K

Heap Regions: E=young(eden), S=young(survivor), O=old, HS=humongous(starts), HC=humongous(continues), CS=collection set, F=free, TAMS=top-at-mark-start, PB=parsable bottom
|   0|0x0000000702600000, 0x0000000702600000, 0x0000000702800000|  0%| F|  |TAMS 0x0000000702600000| PB 0x0000000702600000| Untracked |  0
|   1|0x0000000702800000, 0x0000000702800000, 0x0000000702a00000|  0%| F|  |TAMS 0x0000000702800000| PB 0x0000000702800000| Untracked |  0
|   2|0x0000000702a00000, 0x0000000702a00000, 0x0000000702c00000|  0%| F|  |TAMS 0x0000000702a00000| PB 0x0000000702a00000| Untracked |  0
|   3|0x0000000702c00000, 0x0000000702c00000, 0x0000000702e00000|  0%| F|  |TAMS 0x0000000702c00000| PB 0x0000000702c00000| Untracked |  0
|   4|0x0000000702e00000, 0x0000000702e00000, 0x0000000703000000|  0%| F|  |TAMS 0x0000000702e00000| PB 0x0000000702e00000| Untracked |  0
|   5|0x0000000703000000, 0x0000000703000000, 0x0000000703200000|  0%| F|  |TAMS 0x0000000703000000| PB 0x0000000703000000| Untracked |  0
|   6|0x0000000703200000, 0x0000000703200000, 0x0000000703400000|  0%| F|  |TAMS 0x0000000703200000| PB 0x0000000703200000| Untracked |  0
|   7|0x0000000703400000, 0x0000000703400000, 0x0000000703600000|  0%| F|  |TAMS 0x0000000703400000| PB 0x0000000703400000| Untracked |  0
|   8|0x0000000703600000, 0x0000000703600000, 0x0000000703800000|  0%| F|  |TAMS 0x0000000703600000| PB 0x0000000703600000| Untracked |  0
|   9|0x0000000703800000, 0x0000000703800000, 0x0000000703a00000|  0%| F|  |TAMS 0x0000000703800000| PB 0x0000000703800000| Untracked |  0
|  10|0x0000000703a00000, 0x0000000703a00000, 0x0000000703c00000|  0%| F|  |TAMS 0x0000000703a00000| PB 0x0000000703a00000| Untracked |  0
|  11|0x0000000703c00000, 0x0000000703c00000, 0x0000000703e00000|  0%| F|  |TAMS 0x0000000703c00000| PB 0x0000000703c00000| Untracked |  0
|  12|0x0000000703e00000, 0x0000000703e00000, 0x0000000704000000|  0%| F|  |TAMS 0x0000000703e00000| PB 0x0000000703e00000| Untracked |  0
|  13|0x0000000704000000, 0x0000000704000000, 0x0000000704200000|  0%| F|  |TAMS 0x0000000704000000| PB 0x0000000704000000| Untracked |  0
|  14|0x0000000704200000, 0x0000000704200000, 0x0000000704400000|  0%| F|  |TAMS 0x0000000704200000| PB 0x0000000704200000| Untracked |  0
|  15|0x0000000704400000, 0x0000000704400000, 0x0000000704600000|  0%| F|  |TAMS 0x0000000704400000| PB 0x0000000704400000| Untracked |  0
|  16|0x0000000704600000, 0x0000000704600000, 0x0000000704800000|  0%| F|  |TAMS 0x0000000704600000| PB 0x0000000704600000| Untracked |  0
|  17|0x0000000704800000, 0x0000000704800000, 0x0000000704a00000|  0%| F|  |TAMS 0x0000000704800000| PB 0x0000000704800000| Untracked |  0
|  18|0x0000000704a00000, 0x0000000704a00000, 0x0000000704c00000|  0%| F|  |TAMS 0x0000000704a00000| PB 0x0000000704a00000| Untracked |  0
|  19|0x0000000704c00000, 0x0000000704c00000, 0x0000000704e00000|  0%| F|  |TAMS 0x0000000704c00000| PB 0x0000000704c00000| Untracked |  0
|  20|0x0000000704e00000, 0x0000000704e00000, 0x0000000705000000|  0%| F|  |TAMS 0x0000000704e00000| PB 0x0000000704e00000| Untracked |  0
|  21|0x0000000705000000, 0x0000000705000000, 0x0000000705200000|  0%| F|  |TAMS 0x0000000705000000| PB 0x0000000705000000| Untracked |  0
|  22|0x0000000705200000, 0x0000000705200000, 0x0000000705400000|  0%| F|  |TAMS 0x0000000705200000| PB 0x0000000705200000| Untracked |  0
|  23|0x0000000705400000, 0x0000000705400000, 0x0000000705600000|  0%| F|  |TAMS 0x0000000705400000| PB 0x0000000705400000| Untracked |  0
|  24|0x0000000705600000, 0x0000000705600000, 0x0000000705800000|  0%| F|  |TAMS 0x0000000705600000| PB 0x0000000705600000| Untracked |  0
|  25|0x0000000705800000, 0x0000000705800000, 0x0000000705a00000|  0%| F|  |TAMS 0x0000000705800000| PB 0x0000000705800000| Untracked |  0
|  26|0x0000000705a00000, 0x0000000705a00000, 0x0000000705c00000|  0%| F|  |TAMS 0x0000000705a00000| PB 0x0000000705a00000| Untracked |  0
|  27|0x0000000705c00000, 0x0000000705c00000, 0x0000000705e00000|  0%| F|  |TAMS 0x0000000705c00000| PB 0x0000000705c00000| Untracked |  0
|  28|0x0000000705e00000, 0x0000000705e00000, 0x0000000706000000|  0%| F|  |TAMS 0x0000000705e00000| PB 0x0000000705e00000| Untracked |  0
|  29|0x0000000706000000, 0x0000000706000000, 0x0000000706200000|  0%| F|  |TAMS 0x0000000706000000| PB 0x0000000706000000| Untracked |  0
|  30|0x0000000706200000, 0x0000000706200000, 0x0000000706400000|  0%| F|  |TAMS 0x0000000706200000| PB 0x0000000706200000| Untracked |  0
|  31|0x0000000706400000, 0x0000000706400000, 0x0000000706600000|  0%| F|  |TAMS 0x0000000706400000| PB 0x0000000706400000| Untracked |  0
|  32|0x0000000706600000, 0x0000000706600000, 0x0000000706800000|  0%| F|  |TAMS 0x0000000706600000| PB 0x0000000706600000| Untracked |  0
|  33|0x0000000706800000, 0x0000000706800000, 0x0000000706a00000|  0%| F|  |TAMS 0x0000000706800000| PB 0x0000000706800000| Untracked |  0
|  34|0x0000000706a00000, 0x0000000706a00000, 0x0000000706c00000|  0%| F|  |TAMS 0x0000000706a00000| PB 0x0000000706a00000| Untracked |  0
|  35|0x0000000706c00000, 0x0000000706c00000, 0x0000000706e00000|  0%| F|  |TAMS 0x0000000706c00000| PB 0x0000000706c00000| Untracked |  0
|  36|0x0000000706e00000, 0x0000000706e00000, 0x0000000707000000|  0%| F|  |TAMS 0x0000000706e00000| PB 0x0000000706e00000| Untracked |  0
|  37|0x0000000707000000, 0x0000000707000000, 0x0000000707200000|  0%| F|  |TAMS 0x0000000707000000| PB 0x0000000707000000| Untracked |  0
|  38|0x0000000707200000, 0x0000000707200000, 0x0000000707400000|  0%| F|  |TAMS 0x0000000707200000| PB 0x0000000707200000| Untracked |  0
|  39|0x0000000707400000, 0x0000000707400000, 0x0000000707600000|  0%| F|  |TAMS 0x0000000707400000| PB 0x0000000707400000| Untracked |  0
|  40|0x0000000707600000, 0x0000000707600000, 0x0000000707800000|  0%| F|  |TAMS 0x0000000707600000| PB 0x0000000707600000| Untracked |  0
|  41|0x0000000707800000, 0x0000000707800000, 0x0000000707a00000|  0%| F|  |TAMS 0x0000000707800000| PB 0x0000000707800000| Untracked |  0
|  42|0x0000000707a00000, 0x0000000707a00000, 0x0000000707c00000|  0%| F|  |TAMS 0x0000000707a00000| PB 0x0000000707a00000| Untracked |  0
|  43|0x0000000707c00000, 0x0000000707c00000, 0x0000000707e00000|  0%| F|  |TAMS 0x0000000707c00000| PB 0x0000000707c00000| Untracked |  0
|  44|0x0000000707e00000, 0x0000000707e00000, 0x0000000708000000|  0%| F|  |TAMS 0x0000000707e00000| PB 0x0000000707e00000| Untracked |  0
|  45|0x0000000708000000, 0x0000000708000000, 0x0000000708200000|  0%| F|  |TAMS 0x0000000708000000| PB 0x0000000708000000| Untracked |  0
|  46|0x0000000708200000, 0x0000000708200000, 0x0000000708400000|  0%| F|  |TAMS 0x0000000708200000| PB 0x0000000708200000| Untracked |  0
|  47|0x0000000708400000, 0x0000000708400000, 0x0000000708600000|  0%| F|  |TAMS 0x0000000708400000| PB 0x0000000708400000| Untracked |  0
|  48|0x0000000708600000, 0x0000000708600000, 0x0000000708800000|  0%| F|  |TAMS 0x0000000708600000| PB 0x0000000708600000| Untracked |  0
|  49|0x0000000708800000, 0x0000000708800000, 0x0000000708a00000|  0%| F|  |TAMS 0x0000000708800000| PB 0x0000000708800000| Untracked |  0
|  50|0x0000000708a00000, 0x0000000708a00000, 0x0000000708c00000|  0%| F|  |TAMS 0x0000000708a00000| PB 0x0000000708a00000| Untracked |  0
|  51|0x0000000708c00000, 0x0000000708c00000, 0x0000000708e00000|  0%| F|  |TAMS 0x0000000708c00000| PB 0x0000000708c00000| Untracked |  0
|  52|0x0000000708e00000, 0x0000000708e00000, 0x0000000709000000|  0%| F|  |TAMS 0x0000000708e00000| PB 0x0000000708e00000| Untracked |  0
|  53|0x0000000709000000, 0x0000000709000000, 0x0000000709200000|  0%| F|  |TAMS 0x0000000709000000| PB 0x0000000709000000| Untracked |  0
|  54|0x0000000709200000, 0x0000000709200000, 0x0000000709400000|  0%| F|  |TAMS 0x0000000709200000| PB 0x0000000709200000| Untracked |  0
|  55|0x0000000709400000, 0x0000000709400000, 0x0000000709600000|  0%| F|  |TAMS 0x0000000709400000| PB 0x0000000709400000| Untracked |  0
|  56|0x0000000709600000, 0x0000000709600000, 0x0000000709800000|  0%| F|  |TAMS 0x0000000709600000| PB 0x0000000709600000| Untracked |  0
|  57|0x0000000709800000, 0x0000000709800000, 0x0000000709a00000|  0%| F|  |TAMS 0x0000000709800000| PB 0x0000000709800000| Untracked |  0
|  58|0x0000000709a00000, 0x0000000709a00000, 0x0000000709c00000|  0%| F|  |TAMS 0x0000000709a00000| PB 0x0000000709a00000| Untracked |  0
|  59|0x0000000709c00000, 0x0000000709c00000, 0x0000000709e00000|  0%| F|  |TAMS 0x0000000709c00000| PB 0x0000000709c00000| Untracked |  0
|  60|0x0000000709e00000, 0x0000000709e00000, 0x000000070a000000|  0%| F|  |TAMS 0x0000000709e00000| PB 0x0000000709e00000| Untracked |  0
|  61|0x000000070a000000, 0x000000070a000000, 0x000000070a200000|  0%| F|  |TAMS 0x000000070a000000| PB 0x000000070a000000| Untracked |  0
|  62|0x000000070a200000, 0x000000070a200000, 0x000000070a400000|  0%| F|  |TAMS 0x000000070a200000| PB 0x000000070a200000| Untracked |  0
|  63|0x000000070a400000, 0x000000070a400000, 0x000000070a600000|  0%| F|  |TAMS 0x000000070a400000| PB 0x000000070a400000| Untracked |  0
|  64|0x000000070a600000, 0x000000070a600000, 0x000000070a800000|  0%| F|  |TAMS 0x000000070a600000| PB 0x000000070a600000| Untracked |  0
|  65|0x000000070a800000, 0x000000070a800000, 0x000000070aa00000|  0%| F|  |TAMS 0x000000070a800000| PB 0x000000070a800000| Untracked |  0
|  66|0x000000070aa00000, 0x000000070aa00000, 0x000000070ac00000|  0%| F|  |TAMS 0x000000070aa00000| PB 0x000000070aa00000| Untracked |  0
|  67|0x000000070ac00000, 0x000000070ac00000, 0x000000070ae00000|  0%| F|  |TAMS 0x000000070ac00000| PB 0x000000070ac00000| Untracked |  0
|  68|0x000000070ae00000, 0x000000070ae00000, 0x000000070b000000|  0%| F|  |TAMS 0x000000070ae00000| PB 0x000000070ae00000| Untracked |  0
|  69|0x000000070b000000, 0x000000070b000000, 0x000000070b200000|  0%| F|  |TAMS 0x000000070b000000| PB 0x000000070b000000| Untracked |  0
|  70|0x000000070b200000, 0x000000070b200000, 0x000000070b400000|  0%| F|  |TAMS 0x000000070b200000| PB 0x000000070b200000| Untracked |  0
|  71|0x000000070b400000, 0x000000070b400000, 0x000000070b600000|  0%| F|  |TAMS 0x000000070b400000| PB 0x000000070b400000| Untracked |  0
|  72|0x000000070b600000, 0x000000070b600000, 0x000000070b800000|  0%| F|  |TAMS 0x000000070b600000| PB 0x000000070b600000| Untracked |  0
|  73|0x000000070b800000, 0x000000070b800000, 0x000000070ba00000|  0%| F|  |TAMS 0x000000070b800000| PB 0x000000070b800000| Untracked |  0
|  74|0x000000070ba00000, 0x000000070ba00000, 0x000000070bc00000|  0%| F|  |TAMS 0x000000070ba00000| PB 0x000000070ba00000| Untracked |  0
|  75|0x000000070bc00000, 0x000000070bc00000, 0x000000070be00000|  0%| F|  |TAMS 0x000000070bc00000| PB 0x000000070bc00000| Untracked |  0
|  76|0x000000070be00000, 0x000000070be00000, 0x000000070c000000|  0%| F|  |TAMS 0x000000070be00000| PB 0x000000070be00000| Untracked |  0
|  77|0x000000070c000000, 0x000000070c000000, 0x000000070c200000|  0%| F|  |TAMS 0x000000070c000000| PB 0x000000070c000000| Untracked |  0
|  78|0x000000070c200000, 0x000000070c200000, 0x000000070c400000|  0%| F|  |TAMS 0x000000070c200000| PB 0x000000070c200000| Untracked |  0
|  79|0x000000070c400000, 0x000000070c400000, 0x000000070c600000|  0%| F|  |TAMS 0x000000070c400000| PB 0x000000070c400000| Untracked |  0
|  80|0x000000070c600000, 0x000000070c600000, 0x000000070c800000|  0%| F|  |TAMS 0x000000070c600000| PB 0x000000070c600000| Untracked |  0
|  81|0x000000070c800000, 0x000000070c800000, 0x000000070ca00000|  0%| F|  |TAMS 0x000000070c800000| PB 0x000000070c800000| Untracked |  0
|  82|0x000000070ca00000, 0x000000070ca00000, 0x000000070cc00000|  0%| F|  |TAMS 0x000000070ca00000| PB 0x000000070ca00000| Untracked |  0
|  83|0x000000070cc00000, 0x000000070cc00000, 0x000000070ce00000|  0%| F|  |TAMS 0x000000070cc00000| PB 0x000000070cc00000| Untracked |  0
|  84|0x000000070ce00000, 0x000000070ce00000, 0x000000070d000000|  0%| F|  |TAMS 0x000000070ce00000| PB 0x000000070ce00000| Untracked |  0
|  85|0x000000070d000000, 0x000000070d000000, 0x000000070d200000|  0%| F|  |TAMS 0x000000070d000000| PB 0x000000070d000000| Untracked |  0
|  86|0x000000070d200000, 0x000000070d200000, 0x000000070d400000|  0%| F|  |TAMS 0x000000070d200000| PB 0x000000070d200000| Untracked |  0
|  87|0x000000070d400000, 0x000000070d400000, 0x000000070d600000|  0%| F|  |TAMS 0x000000070d400000| PB 0x000000070d400000| Untracked |  0
|  88|0x000000070d600000, 0x000000070d600000, 0x000000070d800000|  0%| F|  |TAMS 0x000000070d600000| PB 0x000000070d600000| Untracked |  0
|  89|0x000000070d800000, 0x000000070d800000, 0x000000070da00000|  0%| F|  |TAMS 0x000000070d800000| PB 0x000000070d800000| Untracked |  0
|  90|0x000000070da00000, 0x000000070da00000, 0x000000070dc00000|  0%| F|  |TAMS 0x000000070da00000| PB 0x000000070da00000| Untracked |  0
|  91|0x000000070dc00000, 0x000000070dc00000, 0x000000070de00000|  0%| F|  |TAMS 0x000000070dc00000| PB 0x000000070dc00000| Untracked |  0
|  92|0x000000070de00000, 0x000000070de00000, 0x000000070e000000|  0%| F|  |TAMS 0x000000070de00000| PB 0x000000070de00000| Untracked |  0
|  93|0x000000070e000000, 0x000000070e000000, 0x000000070e200000|  0%| F|  |TAMS 0x000000070e000000| PB 0x000000070e000000| Untracked |  0
|  94|0x000000070e200000, 0x000000070e200000, 0x000000070e400000|  0%| F|  |TAMS 0x000000070e200000| PB 0x000000070e200000| Untracked |  0
|  95|0x000000070e400000, 0x000000070e400000, 0x000000070e600000|  0%| F|  |TAMS 0x000000070e400000| PB 0x000000070e400000| Untracked |  0
|  96|0x000000070e600000, 0x000000070e600000, 0x000000070e800000|  0%| F|  |TAMS 0x000000070e600000| PB 0x000000070e600000| Untracked |  0
|  97|0x000000070e800000, 0x000000070e800000, 0x000000070ea00000|  0%| F|  |TAMS 0x000000070e800000| PB 0x000000070e800000| Untracked |  0
|  98|0x000000070ea00000, 0x000000070ea00000, 0x000000070ec00000|  0%| F|  |TAMS 0x000000070ea00000| PB 0x000000070ea00000| Untracked |  0
|  99|0x000000070ec00000, 0x000000070ec00000, 0x000000070ee00000|  0%| F|  |TAMS 0x000000070ec00000| PB 0x000000070ec00000| Untracked |  0
| 100|0x000000070ee00000, 0x000000070ee00000, 0x000000070f000000|  0%| F|  |TAMS 0x000000070ee00000| PB 0x000000070ee00000| Untracked |  0
| 101|0x000000070f000000, 0x000000070f000000, 0x000000070f200000|  0%| F|  |TAMS 0x000000070f000000| PB 0x000000070f000000| Untracked |  0
| 102|0x000000070f200000, 0x000000070f200000, 0x000000070f400000|  0%| F|  |TAMS 0x000000070f200000| PB 0x000000070f200000| Untracked |  0
| 103|0x000000070f400000, 0x000000070f400000, 0x000000070f600000|  0%| F|  |TAMS 0x000000070f400000| PB 0x000000070f400000| Untracked |  0
| 104|0x000000070f600000, 0x000000070f600000, 0x000000070f800000|  0%| F|  |TAMS 0x000000070f600000| PB 0x000000070f600000| Untracked |  0
| 105|0x000000070f800000, 0x000000070f800000, 0x000000070fa00000|  0%| F|  |TAMS 0x000000070f800000| PB 0x000000070f800000| Untracked |  0
| 106|0x000000070fa00000, 0x000000070fa00000, 0x000000070fc00000|  0%| F|  |TAMS 0x000000070fa00000| PB 0x000000070fa00000| Untracked |  0
| 107|0x000000070fc00000, 0x000000070fc00000, 0x000000070fe00000|  0%| F|  |TAMS 0x000000070fc00000| PB 0x000000070fc00000| Untracked |  0
| 108|0x000000070fe00000, 0x000000070fe00000, 0x0000000710000000|  0%| F|  |TAMS 0x000000070fe00000| PB 0x000000070fe00000| Untracked |  0
| 109|0x0000000710000000, 0x0000000710000000, 0x0000000710200000|  0%| F|  |TAMS 0x0000000710000000| PB 0x0000000710000000| Untracked |  0
| 110|0x0000000710200000, 0x0000000710200000, 0x0000000710400000|  0%| F|  |TAMS 0x0000000710200000| PB 0x0000000710200000| Untracked |  0
| 111|0x0000000710400000, 0x0000000710400000, 0x0000000710600000|  0%| F|  |TAMS 0x0000000710400000| PB 0x0000000710400000| Untracked |  0
| 112|0x0000000710600000, 0x0000000710600000, 0x0000000710800000|  0%| F|  |TAMS 0x0000000710600000| PB 0x0000000710600000| Untracked |  0
| 113|0x0000000710800000, 0x0000000710800000, 0x0000000710a00000|  0%| F|  |TAMS 0x0000000710800000| PB 0x0000000710800000| Untracked |  0
| 114|0x0000000710a00000, 0x0000000710a00000, 0x0000000710c00000|  0%| F|  |TAMS 0x0000000710a00000| PB 0x0000000710a00000| Untracked |  0
| 115|0x0000000710c00000, 0x0000000710c00000, 0x0000000710e00000|  0%| F|  |TAMS 0x0000000710c00000| PB 0x0000000710c00000| Untracked |  0
| 116|0x0000000710e00000, 0x0000000710e00000, 0x0000000711000000|  0%| F|  |TAMS 0x0000000710e00000| PB 0x0000000710e00000| Untracked |  0
| 117|0x0000000711000000, 0x0000000711000000, 0x0000000711200000|  0%| F|  |TAMS 0x0000000711000000| PB 0x0000000711000000| Untracked |  0
| 118|0x0000000711200000, 0x0000000711200000, 0x0000000711400000|  0%| F|  |TAMS 0x0000000711200000| PB 0x0000000711200000| Untracked |  0
| 119|0x0000000711400000, 0x0000000711400000, 0x0000000711600000|  0%| F|  |TAMS 0x0000000711400000| PB 0x0000000711400000| Untracked |  0
| 120|0x0000000711600000, 0x0000000711600000, 0x0000000711800000|  0%| F|  |TAMS 0x0000000711600000| PB 0x0000000711600000| Untracked |  0
| 121|0x0000000711800000, 0x0000000711800000, 0x0000000711a00000|  0%| F|  |TAMS 0x0000000711800000| PB 0x0000000711800000| Untracked |  0
| 122|0x0000000711a00000, 0x0000000711a00000, 0x0000000711c00000|  0%| F|  |TAMS 0x0000000711a00000| PB 0x0000000711a00000| Untracked |  0
| 123|0x0000000711c00000, 0x0000000711c00000, 0x0000000711e00000|  0%| F|  |TAMS 0x0000000711c00000| PB 0x0000000711c00000| Untracked |  0
| 124|0x0000000711e00000, 0x0000000711e00000, 0x0000000712000000|  0%| F|  |TAMS 0x0000000711e00000| PB 0x0000000711e00000| Untracked |  0
| 125|0x0000000712000000, 0x00000007121eb978, 0x0000000712200000| 96%| E|  |TAMS 0x0000000712000000| PB 0x0000000712000000| Complete |  0
| 126|0x0000000712200000, 0x0000000712400000, 0x0000000712400000|100%| E|CS|TAMS 0x0000000712200000| PB 0x0000000712200000| Complete |  0

Card table byte_map: [0x000001b34c900000,0x000001b34d0f0000] _byte_map_base: 0x000001b3490ed000

Marking Bits: (CMBitMap*) 0x000001b3343b6870
 Bits: [0x000001b34d0f0000, 0x000001b351058000)

Polling page: 0x000001b333b10000

Metaspace:

Usage:
  Non-class:    881.88 KB used.
      Class:     83.91 KB used.
       Both:    965.79 KB used.

Virtual space:
  Non-class space:       64.00 MB reserved,     896.00 KB (  1%) committed,  1 nodes.
      Class space:        1.00 GB reserved,     192.00 KB ( <1%) committed,  1 nodes.
             Both:        1.06 GB reserved,       1.06 MB ( <1%) committed. 

Chunk freelists:
   Non-Class:  11.94 MB
       Class:  15.73 MB
        Both:  27.67 MB

MaxMetaspaceSize: unlimited
CompressedClassSpaceSize: 1.00 GB
Initial GC threshold: 21.00 MB
Current GC threshold: 21.00 MB
CDS: on
 - commit_granule_bytes: 65536.
 - commit_granule_words: 8192.
 - virtual_space_node_default_size: 8388608.
 - enlarge_chunks_in_place: 1.
 - use_allocation_guard: 0.


Internal statistics:

num_allocs_failed_limit: 0.
num_arena_births: 24.
num_arena_deaths: 0.
num_vsnodes_births: 2.
num_vsnodes_deaths: 0.
num_space_committed: 17.
num_space_uncommitted: 0.
num_chunks_returned_to_freelist: 0.
num_chunks_taken_from_freelist: 33.
num_chunk_merges: 0.
num_chunk_splits: 18.
num_chunks_enlarged: 10.
num_inconsistent_stats: 0.

CodeHeap 'non-profiled nmethods': size=120064Kb used=99Kb max_used=99Kb free=119964Kb
 bounds [0x000001b344790000, 0x000001b344a00000, 0x000001b34bcd0000]
CodeHeap 'profiled nmethods': size=120000Kb used=246Kb max_used=246Kb free=119754Kb
 bounds [0x000001b33ccd0000, 0x000001b33cf40000, 0x000001b344200000]
CodeHeap 'non-nmethods': size=5696Kb used=1325Kb max_used=1340Kb free=4370Kb
 bounds [0x000001b344200000, 0x000001b344470000, 0x000001b344790000]
CodeCache: size=245760Kb, used=1670Kb, max_used=1685Kb, free=244088Kb
 total_blobs=737, nmethods=296, adapters=347, full_count=0
Compilation: enabled, stopped_count=0, restarted_count=0

Compilation events (20 events):
Event: 0.199 Thread 0x000001b353b64ea0  290       1       java.util.concurrent.locks.AbstractQueuedSynchronizer::setState (6 bytes)
Event: 0.199 Thread 0x000001b353b64ea0 nmethod 290 0x000001b3447a7c08 code [0x000001b3447a7d20, 0x000001b3447a7df0]
Event: 0.199 Thread 0x000001b353b64ea0  287       3       java.lang.invoke.MemberName::initResolved (53 bytes)
Event: 0.200 Thread 0x000001b353b64ea0 nmethod 287 0x000001b33cd0b408 code [0x000001b33cd0b520, 0x000001b33cd0b6d0]
Event: 0.200 Thread 0x000001b353b64ea0  285       1       java.lang.invoke.MethodHandles$Lookup::lookupClass (5 bytes)
Event: 0.200 Thread 0x000001b353b64ea0 nmethod 285 0x000001b3447a7f08 code [0x000001b3447a8020, 0x000001b3447a80f0]
Event: 0.200 Thread 0x000001b353b64ea0  291       3       jdk.internal.util.Preconditions::checkFromIndexSize (25 bytes)
Event: 0.200 Thread 0x000001b353b64ea0 nmethod 291 0x000001b33cd0b708 code [0x000001b33cd0b820, 0x000001b33cd0b9c0]
Event: 0.200 Thread 0x000001b353b64ea0  293       3       java.util.concurrent.locks.ReentrantLock::lock (8 bytes)
Event: 0.200 Thread 0x000001b353b64ea0 nmethod 293 0x000001b33cd0ba08 code [0x000001b33cd0bb40, 0x000001b33cd0bdf0]
Event: 0.200 Thread 0x000001b353b64ea0  295       3       jdk.internal.misc.InternalLock::lock (8 bytes)
Event: 0.200 Thread 0x000001b353b64ea0 nmethod 295 0x000001b33cd0be08 code [0x000001b33cd0bf60, 0x000001b33cd0c300]
Event: 0.200 Thread 0x000001b353b64ea0  297       3       java.lang.StringUTF16::compress (47 bytes)
Event: 0.201 Thread 0x000001b353b64ea0 nmethod 297 0x000001b33cd0c388 code [0x000001b33cd0c4c0, 0x000001b33cd0c708]
Event: 0.201 Thread 0x000001b353b41e10 nmethod 277 0x000001b3447a8588 code [0x000001b3447a86e0, 0x000001b3447a8b98]
Event: 0.201 Thread 0x000001b353b64ea0  292       3       jdk.internal.util.ReferencedKeyMap::existingKey (32 bytes)
Event: 0.201 Thread 0x000001b353b41e10  280       4       java.lang.String::isLatin1 (19 bytes)
Event: 0.202 Thread 0x000001b353b41e10 nmethod 280 0x000001b3447a8c08 code [0x000001b3447a8d00, 0x000001b3447a8d80]
Event: 0.202 Thread 0x000001b353b64ea0 nmethod 292 0x000001b33cd0c788 code [0x000001b33cd0c9a0, 0x000001b33cd0d7a0]
Event: 0.202 Thread 0x000001b353b64ea0  300       3       java.io.DataInputStream::readUTF (497 bytes)

GC Heap History (0 events):
No events

Dll operation events (10 events):
Event: 0.016 Loaded shared library C:\Users\Kathi\.jdks\temurin-23\bin\java.dll
Event: 0.062 Loaded shared library C:\Users\Kathi\.jdks\temurin-23\bin\jsvml.dll
Event: 0.124 Loaded shared library C:\Users\Kathi\.jdks\temurin-23\bin\zip.dll
Event: 0.129 Loaded shared library C:\Users\Kathi\.jdks\temurin-23\bin\instrument.dll
Event: 0.137 Loaded shared library C:\Users\Kathi\.jdks\temurin-23\bin\net.dll
Event: 0.139 Loaded shared library C:\Users\Kathi\.jdks\temurin-23\bin\nio.dll
Event: 0.145 Loaded shared library C:\Users\Kathi\.jdks\temurin-23\bin\zip.dll
Event: 0.156 Loaded shared library C:\Users\Kathi\AppData\Local\Programs\IntelliJ IDEA Ultimate\bin\breakgen64.dll
Event: 0.171 Loaded shared library C:\Users\Kathi\.jdks\temurin-23\bin\extnet.dll
Event: 0.186 Loaded shared library C:\Users\Kathi\.jdks\temurin-23\bin\jimage.dll

Deoptimization events (4 events):
Event: 0.158 Thread 0x000001b33434abb0 Uncommon trap: trap_request=0xffffff45 fr.pc=0x000001b3447a2a5c relative=0x00000000000000bc
Event: 0.158 Thread 0x000001b33434abb0 Uncommon trap: reason=unstable_if action=reinterpret pc=0x000001b3447a2a5c method=java.lang.String.isLatin1()Z @ 10 c2
Event: 0.158 Thread 0x000001b33434abb0 DEOPT PACKING pc=0x000001b3447a2a5c sp=0x00000062bbcfefa0
Event: 0.158 Thread 0x000001b33434abb0 DEOPT UNPACKING pc=0x000001b344254402 sp=0x00000062bbcfeee0 mode 2

Classes loaded (20 events):
Event: 0.184 Loading class jdk/internal/module/ModulePatcher$PatchedModuleReader
Event: 0.184 Loading class jdk/internal/module/ModulePatcher$PatchedModuleReader done
Event: 0.187 Loading class sun/net/www/protocol/jrt/Handler
Event: 0.187 Loading class sun/net/www/protocol/jrt/Handler done
Event: 0.194 Loading class jdk/internal/vm/VMSupport
Event: 0.194 Loading class jdk/internal/vm/VMSupport done
Event: 0.195 Loading class sun/nio/cs/ISO_8859_1$Encoder
Event: 0.195 Loading class sun/nio/cs/ISO_8859_1$Encoder done
Event: 0.198 Loading class sun/util/resources/LocaleData$CommonResourceBundleProvider
Event: 0.198 Loading class sun/util/resources/LocaleData$LocaleDataResourceBundleProvider
Event: 0.198 Loading class java/util/spi/ResourceBundleProvider
Event: 0.198 Loading class java/util/spi/ResourceBundleProvider done
Event: 0.198 Loading class sun/util/resources/LocaleData$LocaleDataResourceBundleProvider done
Event: 0.198 Loading class sun/util/resources/LocaleData$CommonResourceBundleProvider done
Event: 0.200 Loading class sun/util/resources/Bundles$2
Event: 0.200 Loading class sun/util/resources/Bundles$2 done
Event: 0.201 Loading class java/lang/InstantiationException
Event: 0.201 Loading class java/lang/InstantiationException done
Event: 0.201 Loading class java/lang/IllegalAccessException
Event: 0.201 Loading class java/lang/IllegalAccessException done

Classes unloaded (0 events):
No events

Classes redefined (0 events):
No events

Internal exceptions (2 events):
Event: 0.152 Thread 0x000001b33434abb0 Exception <a 'java/lang/NoSuchMethodError'{0x0000000712060280}: 'java.lang.Object java.lang.invoke.Invokers$Holder.invokeExact_MT(java.lang.Object, java.lang.Object, java.lang.Object, java.lang.Object, java.lang.Object)'> (0x0000000712060280) 
thrown [s\src\hotspot\share\interpreter\linkResolver.cpp, line 796]
Event: 0.175 Thread 0x000001b353b3b990 Exception <a 'java/lang/NoSuchMethodError'{0x00000007120840a0}: 'void java.lang.invoke.DirectMethodHandle$Holder.invokeStatic(java.lang.Object, java.lang.Object)'> (0x00000007120840a0) 
thrown [s\src\hotspot\share\interpreter\linkResolver.cpp, line 796]

VM Operations (4 events):
Event: 0.101 Executing VM operation: HandshakeAllThreads (Deoptimize)
Event: 0.101 Executing VM operation: HandshakeAllThreads (Deoptimize) done
Event: 0.196 Executing VM operation: HandshakeAllThreads (Deoptimize)
Event: 0.196 Executing VM operation: HandshakeAllThreads (Deoptimize) done

Memory protections (0 events):
No events

Nmethod flushes (0 events):
No events

Events (13 events):
Event: 0.037 Thread 0x000001b33434abb0 Thread added: 0x000001b33434abb0
Event: 0.057 Thread 0x000001b33434abb0 Thread added: 0x000001b353b2ed80
Event: 0.057 Thread 0x000001b33434abb0 Thread added: 0x000001b353b30e60
Event: 0.058 Thread 0x000001b33434abb0 Thread added: 0x000001b353b353e0
Event: 0.058 Thread 0x000001b33434abb0 Thread added: 0x000001b353b381a0
Event: 0.058 Thread 0x000001b33434abb0 Thread added: 0x000001b353b39370
Event: 0.058 Thread 0x000001b33434abb0 Thread added: 0x000001b353b3c020
Event: 0.058 Thread 0x000001b33434abb0 Thread added: 0x000001b353b41e10
Event: 0.059 Thread 0x000001b33434abb0 Thread added: 0x000001b353b64ea0
Event: 0.092 Thread 0x000001b33434abb0 Thread added: 0x000001b353b3c6b0
Event: 0.157 Thread 0x000001b33434abb0 Thread added: 0x000001b353b3b990
Event: 0.157 Thread 0x000001b33434abb0 Thread added: 0x000001b353b3a5e0
Event: 0.178 Thread 0x000001b33434abb0 Thread added: 0x000001b353b3b300


Dynamic libraries:
0x00007ff6b11c0000 - 0x00007ff6b11ce000 	C:\Users\Kathi\.jdks\temurin-23\bin\java.exe
0x00007ffa4bc30000 - 0x00007ffa4be47000 	C:\WINDOWS\SYSTEM32\ntdll.dll
0x00007ffa4b240000 - 0x00007ffa4b304000 	C:\WINDOWS\System32\KERNEL32.DLL
0x00007ffa491a0000 - 0x00007ffa49559000 	C:\WINDOWS\System32\KERNELBASE.dll
0x00007ffa48f30000 - 0x00007ffa49041000 	C:\WINDOWS\System32\ucrtbase.dll
0x00007ffa36380000 - 0x00007ffa36397000 	C:\Users\Kathi\.jdks\temurin-23\bin\jli.dll
0x00007ffa33310000 - 0x00007ffa3332b000 	C:\Users\Kathi\.jdks\temurin-23\bin\VCRUNTIME140.dll
0x00007ffa4af80000 - 0x00007ffa4b12e000 	C:\WINDOWS\System32\USER32.dll
0x00007ffa34090000 - 0x00007ffa34322000 	C:\WINDOWS\WinSxS\amd64_microsoft.windows.common-controls_6595b64144ccf1df_6.0.22621.4391_none_2715d37f73803e96\COMCTL32.dll
0x00007ffa490d0000 - 0x00007ffa490f6000 	C:\WINDOWS\System32\win32u.dll
0x00007ffa49b40000 - 0x00007ffa49b69000 	C:\WINDOWS\System32\GDI32.dll
0x00007ffa49a90000 - 0x00007ffa49b37000 	C:\WINDOWS\System32\msvcrt.dll
0x00007ffa49560000 - 0x00007ffa4967b000 	C:\WINDOWS\System32\gdi32full.dll
0x00007ffa49100000 - 0x00007ffa4919a000 	C:\WINDOWS\System32\msvcp_win.dll
0x00007ffa4b310000 - 0x00007ffa4b341000 	C:\WINDOWS\System32\IMM32.DLL
0x00007ffa336a0000 - 0x00007ffa336ac000 	C:\Users\Kathi\.jdks\temurin-23\bin\vcruntime140_1.dll
0x00007ffa14b50000 - 0x00007ffa14bde000 	C:\Users\Kathi\.jdks\temurin-23\bin\msvcp140.dll
0x00007ff9ca830000 - 0x00007ff9cb5fd000 	C:\Users\Kathi\.jdks\temurin-23\bin\server\jvm.dll
0x00007ffa4a230000 - 0x00007ffa4a2e2000 	C:\WINDOWS\System32\ADVAPI32.dll
0x00007ffa4ae10000 - 0x00007ffa4aeb7000 	C:\WINDOWS\System32\sechost.dll
0x00007ffa49740000 - 0x00007ffa49768000 	C:\WINDOWS\System32\bcrypt.dll
0x00007ffa49950000 - 0x00007ffa49a64000 	C:\WINDOWS\System32\RPCRT4.dll
0x00007ffa4a050000 - 0x00007ffa4a0c1000 	C:\WINDOWS\System32\WS2_32.dll
0x00007ffa48a00000 - 0x00007ffa48a4d000 	C:\WINDOWS\SYSTEM32\POWRPROF.dll
0x00007ffa41360000 - 0x00007ffa4136a000 	C:\WINDOWS\SYSTEM32\VERSION.dll
0x00007ffa429a0000 - 0x00007ffa429d4000 	C:\WINDOWS\SYSTEM32\WINMM.dll
0x00007ffa489a0000 - 0x00007ffa489b3000 	C:\WINDOWS\SYSTEM32\UMPDC.dll
0x00007ffa47ed0000 - 0x00007ffa47ee8000 	C:\WINDOWS\SYSTEM32\kernel.appcore.dll
0x00007ffa33370000 - 0x00007ffa3337a000 	C:\Users\Kathi\.jdks\temurin-23\bin\jimage.dll
0x00007ffa46550000 - 0x00007ffa46782000 	C:\WINDOWS\SYSTEM32\DBGHELP.DLL
0x00007ffa4b6a0000 - 0x00007ffa4ba2f000 	C:\WINDOWS\System32\combase.dll
0x00007ffa4b4c0000 - 0x00007ffa4b597000 	C:\WINDOWS\System32\OLEAUT32.dll
0x00007ffa2faf0000 - 0x00007ffa2fb22000 	C:\WINDOWS\SYSTEM32\dbgcore.DLL
0x00007ffa49050000 - 0x00007ffa490cb000 	C:\WINDOWS\System32\bcryptPrimitives.dll
0x00007ffa32c20000 - 0x00007ffa32c2f000 	C:\Users\Kathi\.jdks\temurin-23\bin\instrument.dll
0x00007ffa320f0000 - 0x00007ffa3210e000 	C:\Users\Kathi\.jdks\temurin-23\bin\java.dll
0x00007ffa4a2f0000 - 0x00007ffa4a495000 	C:\WINDOWS\System32\ole32.dll
0x00007ffa4a4f0000 - 0x00007ffa4ad66000 	C:\WINDOWS\System32\SHELL32.dll
0x00007ffa46e20000 - 0x00007ffa47723000 	C:\WINDOWS\SYSTEM32\windows.storage.dll
0x00007ffa46ce0000 - 0x00007ffa46e1f000 	C:\WINDOWS\SYSTEM32\wintypes.dll
0x00007ffa4a0d0000 - 0x00007ffa4a1c9000 	C:\WINDOWS\System32\SHCORE.dll
0x00007ffa4a1d0000 - 0x00007ffa4a22e000 	C:\WINDOWS\System32\shlwapi.dll
0x00007ffa48e60000 - 0x00007ffa48e8b000 	C:\WINDOWS\SYSTEM32\profapi.dll
0x00007ffa109b0000 - 0x00007ffa10a87000 	C:\Users\Kathi\.jdks\temurin-23\bin\jsvml.dll
0x00007ffa24e00000 - 0x00007ffa24e17000 	C:\Users\Kathi\.jdks\temurin-23\bin\zip.dll
0x00007ffa319e0000 - 0x00007ffa319f0000 	C:\Users\Kathi\.jdks\temurin-23\bin\net.dll
0x00007ffa483a0000 - 0x00007ffa48409000 	C:\WINDOWS\system32\mswsock.dll
0x00007ffa24e20000 - 0x00007ffa24e36000 	C:\Users\Kathi\.jdks\temurin-23\bin\nio.dll
0x00007ffa24de0000 - 0x00007ffa24dfa000 	C:\Users\Kathi\AppData\Local\Programs\IntelliJ IDEA Ultimate\bin\breakgen64.dll
0x00007ffa2ed60000 - 0x00007ffa2ed69000 	C:\Users\Kathi\.jdks\temurin-23\bin\extnet.dll

dbghelp: loaded successfully - version: 4.0.5 - missing functions: none
symbol engine: initialized successfully - sym options: 0x614 - pdb path: .;C:\Users\Kathi\.jdks\temurin-23\bin;C:\WINDOWS\SYSTEM32;C:\WINDOWS\WinSxS\amd64_microsoft.windows.common-controls_6595b64144ccf1df_6.0.22621.4391_none_2715d37f73803e96;C:\Users\Kathi\.jdks\temurin-23\bin\server;C:\Users\Kathi\AppData\Local\Programs\IntelliJ IDEA Ultimate\bin

VM Arguments:
jvm_args: -javaagent:C:\Users\Kathi\AppData\Local\Programs\IntelliJ IDEA Ultimate\lib\idea_rt.jar=59045:C:\Users\Kathi\AppData\Local\Programs\IntelliJ IDEA Ultimate\bin -Dfile.encoding=UTF-8 -Dsun.stdout.encoding=UTF-8 -Dsun.stderr.encoding=UTF-8 
java_command: supermarkt.Main
java_class_path (initial): C:\Users\Kathi\Dokumente\JAVA-codes-3rd\09-Supermarkt\target\classes
Launcher Type: SUN_STANDARD

[Global flags]
     intx CICompilerCount                          = 4                                         {product} {ergonomic}
     uint ConcGCThreads                            = 2                                         {product} {ergonomic}
     uint G1ConcRefinementThreads                  = 8                                         {product} {ergonomic}
   size_t G1HeapRegionSize                         = 2097152                                   {product} {ergonomic}
   size_t InitialHeapSize                          = 266338304                                 {product} {ergonomic}
   size_t MarkStackSize                            = 4194304                                   {product} {ergonomic}
   size_t MarkStackSizeMax                         = 536870912                                 {product} {ergonomic}
   size_t MaxHeapSize                              = 4255121408                                {product} {ergonomic}
   size_t MaxNewSize                               = 2552233984                                {product} {ergonomic}
   size_t MinHeapDeltaBytes                        = 2097152                                   {product} {ergonomic}
   size_t MinHeapSize                              = 8388608                                   {product} {ergonomic}
    uintx NonNMethodCodeHeapSize                   = 5832704                                {pd product} {ergonomic}
    uintx NonProfiledCodeHeapSize                  = 122945536                              {pd product} {ergonomic}
    uintx ProfiledCodeHeapSize                     = 122880000                              {pd product} {ergonomic}
    uintx ReservedCodeCacheSize                    = 251658240                              {pd product} {ergonomic}
     bool SegmentedCodeCache                       = true                                      {product} {ergonomic}
   size_t SoftMaxHeapSize                          = 4255121408                             {manageable} {ergonomic}
     bool UseCompressedOops                        = true                           {product lp64_product} {ergonomic}
     bool UseG1GC                                  = true                                      {product} {ergonomic}
     bool UseLargePagesIndividualAllocation        = false                                  {pd product} {ergonomic}

Logging:
Log output configuration:
 #0: stdout all=warning uptime,level,tags foldmultilines=false
 #1: stderr all=off uptime,level,tags foldmultilines=false

Environment Variables:
PATH=C:\Program Files (x86)\Common Files\Oracle\Java\java8path;C:\Program Files (x86)\Common Files\Oracle\Java\javapath;C:\WINDOWS\system32;C:\WINDOWS;C:\WINDOWS\System32\Wbem;C:\WINDOWS\System32\WindowsPowerShell\v1.0\;C:\WINDOWS\System32\OpenSSH\;C:\Program Files\Intel\WiFi\bin\;C:\Program Files\Common Files\Intel\WirelessCommon\;C:\Program Files\dotnet\;C:\Program Files (x86)\NVIDIA Corporation\PhysX\Common;C:\Program Files\Microsoft SQL Server\150\Tools\Binn\;C:\Program Files\Microsoft SQL Server\Client SDK\ODBC\170\Tools\Binn\;C:\Program Files\dotnet;C:\Program Files\Git\cmd;C:\Program Files\nodejs\;C:\Users\Kathi\AppData\Local\Microsoft\WindowsApps;C:\Users\Kathi\AppData\Local\Programs\Microsoft VS Code\bin;C:\Users\Kathi\.dotnet\tools;C:\Users\Kathi\AppData\Local\JetBrains\Toolbox\scripts;C:\Users\Kathi\.dotnet\tools;C:\Users\Kathi\AppData\Local\GitHubDesktop\bin;C:\Users\Kathi\AppData\Roaming\npm
USERNAME=Kathi
OS=Windows_NT
PROCESSOR_IDENTIFIER=Intel64 Family 6 Model 142 Stepping 10, GenuineIntel
TMP=C:\Users\Kathi\AppData\Local\Temp
TEMP=C:\Users\Kathi\AppData\Local\Temp




Periodic native trim disabled

---------------  S Y S T E M  ---------------

OS:
 Windows 11 , 64 bit Build 22621 (10.0.22621.4391)
OS uptime: 1 days 0:30 hours
Hyper-V role detected

CPU: total 8 (initial active 8) (4 cores per cpu, 2 threads per core) family 6 model 142 stepping 10 microcode 0xe0, cx8, cmov, fxsr, ht, mmx, 3dnowpref, sse, sse2, sse3, ssse3, sse4.1, sse4.2, popcnt, lzcnt, tsc, tscinvbit, avx, avx2, aes, erms, clmul, bmi1, bmi2, adx, fma, vzeroupper, clflush, clflushopt, hv, rdtscp, f16c
Processor Information for the first 8 processors :
  Max Mhz: 1992, Current Mhz: 1792, Mhz Limit: 1792

Memory: 4k page, system-wide physical 16226M (2967M free)
TotalPageFile size 16226M (AvailPageFile size 345M)
current process WorkingSet (physical memory assigned to process): 42M, peak: 42M
current process commit charge ("private bytes"): 341M, peak: 341M

vm_info: OpenJDK 64-Bit Server VM (23+37) for windows-amd64 JRE (23+37), built on 2024-09-17T00:00:00Z with MS VC++ 17.7 (VS2022)

END.
